2025-10-07 16:56:32.317 [main] INFO  com.lihecen.xiaohongshu.auth.RedisTests - Starting RedisTests using Java 17.0.12 with PID 21468 (started by 15-bp102TX in C:\Users\15-bp102TX\IdeaProjects\xiaohongshu\xiaohongshu-auth)
2025-10-07 16:56:32.317 [main] INFO  com.lihecen.xiaohongshu.auth.RedisTests - The following 1 profile is active: "dev"
2025-10-07 16:56:33.961 [main] INFO  o.s.d.r.config.RepositoryConfigurationDelegate - Multiple Spring Data modules found, entering strict repository configuration mode
2025-10-07 16:56:33.969 [main] INFO  o.s.d.r.config.RepositoryConfigurationDelegate - Bootstrapping Spring Data Redis repositories in DEFAULT mode.
2025-10-07 16:56:34.048 [main] INFO  o.s.d.r.config.RepositoryConfigurationDelegate - Finished Spring Data repository scanning in 36 ms. Found 0 Redis repository interfaces.
2025-10-07 16:56:37.233 [main] INFO  c.a.d.s.b.a.DruidDataSourceAutoConfigure - Init DruidDataSource
2025-10-07 16:56:38.868 [main] INFO  com.alibaba.druid.pool.DruidDataSource - {dataSource-1} inited
2025-10-07 16:56:39.594 [main] INFO  com.lihecen.xiaohongshu.auth.RedisTests - Started RedisTests in 8.537 seconds (process running for 11.412)
2025-10-07 16:56:44.246 [SpringApplicationShutdownHook] INFO  com.alibaba.druid.pool.DruidDataSource - {dataSource-1} closing ...
2025-10-07 16:56:44.255 [SpringApplicationShutdownHook] INFO  com.alibaba.druid.pool.DruidDataSource - {dataSource-1} closed
2025-10-07 17:51:41.024 [main] INFO  com.lihecen.xiaohongshu.auth.RedisTests - Starting RedisTests using Java 17.0.12 with PID 16136 (started by 15-bp102TX in C:\Users\15-bp102TX\IdeaProjects\xiaohongshu\xiaohongshu-auth)
2025-10-07 17:51:41.024 [main] INFO  com.lihecen.xiaohongshu.auth.RedisTests - The following 1 profile is active: "dev"
2025-10-07 17:51:42.769 [main] INFO  o.s.d.r.config.RepositoryConfigurationDelegate - Multiple Spring Data modules found, entering strict repository configuration mode
2025-10-07 17:51:42.769 [main] INFO  o.s.d.r.config.RepositoryConfigurationDelegate - Bootstrapping Spring Data Redis repositories in DEFAULT mode.
2025-10-07 17:51:42.829 [main] INFO  o.s.d.r.config.RepositoryConfigurationDelegate - Finished Spring Data repository scanning in 23 ms. Found 0 Redis repository interfaces.
2025-10-07 17:51:45.620 [main] INFO  c.a.d.s.b.a.DruidDataSourceAutoConfigure - Init DruidDataSource
2025-10-07 17:51:46.634 [main] INFO  com.alibaba.druid.pool.DruidDataSource - {dataSource-1} inited
2025-10-07 17:51:47.459 [main] INFO  com.lihecen.xiaohongshu.auth.RedisTests - Started RedisTests in 7.192 seconds (process running for 8.737)
2025-10-07 17:51:53.292 [main] INFO  com.lihecen.xiaohongshu.auth.RedisTests - key 是否存在: true
2025-10-07 17:51:53.321 [SpringApplicationShutdownHook] INFO  com.alibaba.druid.pool.DruidDataSource - {dataSource-1} closing ...
2025-10-07 17:51:53.340 [SpringApplicationShutdownHook] INFO  com.alibaba.druid.pool.DruidDataSource - {dataSource-1} closed
2025-10-07 17:54:33.710 [main] INFO  com.lihecen.xiaohongshu.auth.RedisTests - Starting RedisTests using Java 17.0.12 with PID 13608 (started by 15-bp102TX in C:\Users\15-bp102TX\IdeaProjects\xiaohongshu\xiaohongshu-auth)
2025-10-07 17:54:33.710 [main] INFO  com.lihecen.xiaohongshu.auth.RedisTests - The following 1 profile is active: "dev"
2025-10-07 17:54:34.971 [main] INFO  o.s.d.r.config.RepositoryConfigurationDelegate - Multiple Spring Data modules found, entering strict repository configuration mode
2025-10-07 17:54:34.971 [main] INFO  o.s.d.r.config.RepositoryConfigurationDelegate - Bootstrapping Spring Data Redis repositories in DEFAULT mode.
2025-10-07 17:54:35.031 [main] INFO  o.s.d.r.config.RepositoryConfigurationDelegate - Finished Spring Data repository scanning in 22 ms. Found 0 Redis repository interfaces.
2025-10-07 17:54:38.455 [main] INFO  c.a.d.s.b.a.DruidDataSourceAutoConfigure - Init DruidDataSource
2025-10-07 17:54:39.511 [main] INFO  com.alibaba.druid.pool.DruidDataSource - {dataSource-1} inited
2025-10-07 17:54:40.404 [main] INFO  com.lihecen.xiaohongshu.auth.RedisTests - Started RedisTests in 7.629 seconds (process running for 9.24)
2025-10-07 17:54:45.503 [main] INFO  com.lihecen.xiaohongshu.auth.RedisTests - value 值: 栗赫岑
2025-10-07 17:54:45.523 [SpringApplicationShutdownHook] INFO  com.alibaba.druid.pool.DruidDataSource - {dataSource-1} closing ...
2025-10-07 17:54:45.535 [SpringApplicationShutdownHook] INFO  com.alibaba.druid.pool.DruidDataSource - {dataSource-1} closed
2025-10-07 17:58:33.761 [main] INFO  com.lihecen.xiaohongshu.auth.RedisTests - Starting RedisTests using Java 17.0.12 with PID 2164 (started by 15-bp102TX in C:\Users\15-bp102TX\IdeaProjects\xiaohongshu\xiaohongshu-auth)
2025-10-07 17:58:33.764 [main] INFO  com.lihecen.xiaohongshu.auth.RedisTests - The following 1 profile is active: "dev"
2025-10-07 17:58:35.249 [main] INFO  o.s.d.r.config.RepositoryConfigurationDelegate - Multiple Spring Data modules found, entering strict repository configuration mode
2025-10-07 17:58:35.257 [main] INFO  o.s.d.r.config.RepositoryConfigurationDelegate - Bootstrapping Spring Data Redis repositories in DEFAULT mode.
2025-10-07 17:58:35.322 [main] INFO  o.s.d.r.config.RepositoryConfigurationDelegate - Finished Spring Data repository scanning in 26 ms. Found 0 Redis repository interfaces.
2025-10-07 17:58:38.796 [main] INFO  c.a.d.s.b.a.DruidDataSourceAutoConfigure - Init DruidDataSource
2025-10-07 17:58:39.671 [main] INFO  com.alibaba.druid.pool.DruidDataSource - {dataSource-1} inited
2025-10-07 17:58:40.567 [main] INFO  com.lihecen.xiaohongshu.auth.RedisTests - Started RedisTests in 7.741 seconds (process running for 9.951)
2025-10-07 17:58:48.367 [SpringApplicationShutdownHook] INFO  com.alibaba.druid.pool.DruidDataSource - {dataSource-1} closing ...
2025-10-07 17:58:48.397 [SpringApplicationShutdownHook] INFO  com.alibaba.druid.pool.DruidDataSource - {dataSource-1} closed
