2025-10-26 02:55:23.584 [main] WARN  com.alibaba.nacos.client.logging.NacosLogging - Load Logback Configuration of Nacos fail, message: Could not initialize Logback Nacos logging from classpath:nacos-logback.xml
2025-10-26 02:55:23.747 [main] WARN  com.alibaba.nacos.client.logging.NacosLogging - Load Logback Configuration of Nacos fail, message: Could not initialize Logback Nacos logging from classpath:nacos-logback.xml
2025-10-26 02:55:24.287 [main] WARN  com.alibaba.nacos.client.logging.NacosLogging - Load Logback Configuration of Nacos fail, message: Could not initialize Logback Nacos logging from classpath:nacos-logback.xml
2025-10-26 02:55:24.292 [main] INFO  com.alibaba.nacos.client.utils.ParamUtil - [settings] [req-serv] nacos-server port:8848
2025-10-26 02:55:24.292 [main] INFO  com.alibaba.nacos.client.utils.ParamUtil - [settings] [http-client] connect timeout:1000
2025-10-26 02:55:24.296 [main] INFO  com.alibaba.nacos.client.utils.ParamUtil - PER_TASK_CONFIG_SIZE: 3000.0
2025-10-26 02:55:24.422 [main] INFO  c.a.n.p.auth.spi.client.ClientAuthPluginManager - [ClientAuthPluginManager] Load ClientAuthService com.alibaba.nacos.client.auth.impl.NacosClientAuthServiceImpl success.
2025-10-26 02:55:24.423 [main] INFO  c.a.n.p.auth.spi.client.ClientAuthPluginManager - [ClientAuthPluginManager] Load ClientAuthService com.alibaba.nacos.client.auth.ram.RamClientAuthServiceImpl success.
2025-10-26 02:55:24.432 [main] INFO  c.a.n.client.auth.ram.identify.CredentialWatcher - null No credential found
2025-10-26 02:55:32.769 [main] WARN  com.alibaba.nacos.client.logging.NacosLogging - Load Logback Configuration of Nacos fail, message: Could not initialize Logback Nacos logging from classpath:nacos-logback.xml
2025-10-26 02:55:32.802 [main] INFO  c.a.n.client.config.impl.LocalConfigInfoProcessor - LOCAL_SNAPSHOT_PATH:C:\Users\15-bp102TX\nacos\config
2025-10-26 02:55:32.814 [main] INFO  com.alibaba.nacos.common.remote.client - [RpcClientFactory] create a new rpc client of 75fb0e12-62f8-4626-896f-08bd0d6d98fd_config-0
2025-10-26 02:55:32.863 [main] INFO  com.alibaba.nacos.common.remote.client - [75fb0e12-62f8-4626-896f-08bd0d6d98fd_config-0] Register server push request handler:com.alibaba.nacos.client.config.impl.ClientWorker$ConfigRpcTransportClient$$Lambda$585/0x000001cf8d374800
2025-10-26 02:55:32.864 [main] INFO  com.alibaba.nacos.common.remote.client - [75fb0e12-62f8-4626-896f-08bd0d6d98fd_config-0] Register server push request handler:com.alibaba.nacos.client.config.impl.ClientWorker$ConfigRpcTransportClient$$Lambda$586/0x000001cf8d374c20
2025-10-26 02:55:32.864 [main] INFO  com.alibaba.nacos.common.remote.client - [75fb0e12-62f8-4626-896f-08bd0d6d98fd_config-0] Registry connection listener to current client:com.alibaba.nacos.client.config.impl.ClientWorker$ConfigRpcTransportClient$1
2025-10-26 02:55:32.866 [main] INFO  com.alibaba.nacos.common.remote.client - [75fb0e12-62f8-4626-896f-08bd0d6d98fd_config-0] RpcClient init, ServerListFactory = com.alibaba.nacos.client.config.impl.ClientWorker$ConfigRpcTransportClient$2
2025-10-26 02:55:32.886 [main] INFO  com.alibaba.nacos.common.remote.client - [75fb0e12-62f8-4626-896f-08bd0d6d98fd_config-0] Try to connect to server on start up, server: {serverIp = '127.0.0.1', server main port = 8848}
2025-10-26 02:55:32.981 [main] INFO  c.a.nacos.common.remote.client.grpc.GrpcClient - grpc client connection server:127.0.0.1 ip,serverPort:9848,grpcTslConfig:{"sslProvider":"OPENSSL","enableTls":false,"mutualAuthEnable":false,"trustAll":false}
2025-10-26 02:55:43.673 [main] ERROR c.a.nacos.common.remote.client.grpc.GrpcClient - Server check fail, please check server 127.0.0.1 ,port 9848 is available , error ={}
java.util.concurrent.TimeoutException: Waited 3000 milliseconds (plus 13 milliseconds, 765000 nanoseconds delay) for com.alibaba.nacos.shaded.io.grpc.stub.ClientCalls$GrpcFuture@68ed3f30[status=PENDING, info=[GrpcFuture{clientCall=PendingCall{realCall=ClientCallImpl{method=MethodDescriptor{fullMethodName=Request/request, type=UNARY, idempotent=false, safe=false, sampledToLocalTracing=true, requestMarshaller=com.alibaba.nacos.shaded.io.grpc.protobuf.lite.ProtoLiteUtils$MessageMarshaller@56b859a6, responseMarshaller=com.alibaba.nacos.shaded.io.grpc.protobuf.lite.ProtoLiteUtils$MessageMarshaller@590adb41, schemaDescriptor=com.alibaba.nacos.api.grpc.auto.RequestGrpc$RequestMethodDescriptorSupplier@42aae04d}}}}]]
	at com.alibaba.nacos.shaded.com.google.common.util.concurrent.AbstractFuture.get(AbstractFuture.java:508)
	at com.alibaba.nacos.common.remote.client.grpc.GrpcClient.serverCheck(GrpcClient.java:218)
	at com.alibaba.nacos.common.remote.client.grpc.GrpcClient.connectToServer(GrpcClient.java:329)
	at com.alibaba.nacos.common.remote.client.RpcClient.start(RpcClient.java:363)
	at com.alibaba.nacos.client.config.impl.ClientWorker$ConfigRpcTransportClient.ensureRpcClient(ClientWorker.java:891)
	at com.alibaba.nacos.client.config.impl.ClientWorker$ConfigRpcTransportClient.getOneRunningClient(ClientWorker.java:1038)
	at com.alibaba.nacos.client.config.impl.ClientWorker$ConfigRpcTransportClient.queryConfig(ClientWorker.java:946)
	at com.alibaba.nacos.client.config.impl.ClientWorker.getServerConfig(ClientWorker.java:403)
	at com.alibaba.nacos.client.config.NacosConfigService.getConfigInner(NacosConfigService.java:184)
	at com.alibaba.nacos.client.config.NacosConfigService.getConfig(NacosConfigService.java:96)
	at com.alibaba.cloud.nacos.client.NacosPropertySourceBuilder.loadNacosData(NacosPropertySourceBuilder.java:85)
	at com.alibaba.cloud.nacos.client.NacosPropertySourceBuilder.build(NacosPropertySourceBuilder.java:73)
	at com.alibaba.cloud.nacos.client.NacosPropertySourceLocator.loadNacosPropertySource(NacosPropertySourceLocator.java:199)
	at com.alibaba.cloud.nacos.client.NacosPropertySourceLocator.loadNacosDataIfPresent(NacosPropertySourceLocator.java:186)
	at com.alibaba.cloud.nacos.client.NacosPropertySourceLocator.loadApplicationConfiguration(NacosPropertySourceLocator.java:141)
	at com.alibaba.cloud.nacos.client.NacosPropertySourceLocator.locate(NacosPropertySourceLocator.java:103)
	at org.springframework.cloud.bootstrap.config.PropertySourceLocator.locateCollection(PropertySourceLocator.java:50)
	at org.springframework.cloud.bootstrap.config.PropertySourceLocator.locateCollection(PropertySourceLocator.java:46)
	at org.springframework.cloud.bootstrap.config.PropertySourceBootstrapConfiguration.initialize(PropertySourceBootstrapConfiguration.java:95)
	at org.springframework.boot.SpringApplication.applyInitializers(SpringApplication.java:603)
	at org.springframework.boot.SpringApplication.prepareContext(SpringApplication.java:383)
	at org.springframework.boot.SpringApplication.run(SpringApplication.java:307)
	at org.springframework.boot.SpringApplication.run(SpringApplication.java:1302)
	at org.springframework.boot.SpringApplication.run(SpringApplication.java:1291)
	at com.lihecen.xiaohongshu.auth.XiaohongshuAuthApplication.main(XiaohongshuAuthApplication.java:11)
2025-10-26 02:55:43.681 [main] INFO  com.alibaba.nacos.common.remote.client - [75fb0e12-62f8-4626-896f-08bd0d6d98fd_config-0] Try to connect to server on start up, server: {serverIp = '127.0.0.1', server main port = 8848}
2025-10-26 02:55:43.681 [main] INFO  c.a.nacos.common.remote.client.grpc.GrpcClient - grpc client connection server:127.0.0.1 ip,serverPort:9848,grpcTslConfig:{"sslProvider":"OPENSSL","enableTls":false,"mutualAuthEnable":false,"trustAll":false}
2025-10-26 02:55:46.762 [main] INFO  com.alibaba.nacos.common.remote.client - [75fb0e12-62f8-4626-896f-08bd0d6d98fd_config-0] Success to connect to server [127.0.0.1:8848] on start up, connectionId = 1761418546086_127.0.0.1_64497
2025-10-26 02:55:46.764 [com.alibaba.nacos.client.remote.worker] INFO  com.alibaba.nacos.common.remote.client - [75fb0e12-62f8-4626-896f-08bd0d6d98fd_config-0] Notify connected event to listeners.
2025-10-26 02:55:46.765 [com.alibaba.nacos.client.remote.worker] INFO  com.alibaba.nacos.client.config.impl.ClientWorker - [75fb0e12-62f8-4626-896f-08bd0d6d98fd_config-0] Connected,notify listen context...
2025-10-26 02:55:46.770 [main] INFO  com.alibaba.nacos.common.remote.client - [75fb0e12-62f8-4626-896f-08bd0d6d98fd_config-0] Register server push request handler:com.alibaba.nacos.common.remote.client.RpcClient$ConnectResetRequestHandler
2025-10-26 02:55:46.772 [main] INFO  com.alibaba.nacos.common.remote.client - [75fb0e12-62f8-4626-896f-08bd0d6d98fd_config-0] Register server push request handler:com.alibaba.nacos.common.remote.client.RpcClient$$Lambda$607/0x000001cf8d4fe608
2025-10-26 02:55:46.921 [main] INFO  com.alibaba.nacos.client.config.impl.Limiter - limitTime:5.0
2025-10-26 02:55:47.195 [main] INFO  com.alibaba.nacos.client.config.utils.JvmUtil - isMultiInstance:false
2025-10-26 02:55:47.250 [main] WARN  c.a.cloud.nacos.client.NacosPropertySourceBuilder - Ignore the empty nacos configuration and get it based on dataId[xiaohongshu-auth.yaml] & group[DEFAULT_GROUP]
2025-10-26 02:55:47.275 [main] INFO  o.s.c.b.c.PropertySourceBootstrapConfiguration - Located property source: [BootstrapPropertySource {name='bootstrapProperties-xiaohongshu-auth-dev.yaml,DEFAULT_GROUP'}, BootstrapPropertySource {name='bootstrapProperties-xiaohongshu-auth.yaml,DEFAULT_GROUP'}, BootstrapPropertySource {name='bootstrapProperties-xiaohongshu-auth,DEFAULT_GROUP'}]
2025-10-26 02:55:47.355 [main] WARN  com.alibaba.nacos.client.logging.NacosLogging - Load Logback Configuration of Nacos fail, message: Could not initialize Logback Nacos logging from classpath:nacos-logback.xml
2025-10-26 02:55:47.357 [main] INFO  c.l.xiaohongshu.auth.XiaohongshuAuthApplication - The following 1 profile is active: "dev"
2025-10-26 02:55:48.964 [main] INFO  o.s.d.r.config.RepositoryConfigurationDelegate - Multiple Spring Data modules found, entering strict repository configuration mode
2025-10-26 02:55:48.974 [main] INFO  o.s.d.r.config.RepositoryConfigurationDelegate - Bootstrapping Spring Data Redis repositories in DEFAULT mode.
2025-10-26 02:55:49.060 [main] INFO  o.s.d.r.config.RepositoryConfigurationDelegate - Finished Spring Data repository scanning in 35 ms. Found 0 Redis repository interfaces.
2025-10-26 02:55:49.448 [main] INFO  o.springframework.cloud.context.scope.GenericScope - BeanFactory id=8e7f8710-4b36-3705-aa42-8fefe6ee4771
2025-10-26 02:55:51.128 [main] INFO  o.s.boot.web.embedded.tomcat.TomcatWebServer - Tomcat initialized with port(s): 8080 (http)
2025-10-26 02:55:51.148 [main] INFO  org.apache.catalina.core.StandardService - Starting service [Tomcat]
2025-10-26 02:55:51.148 [main] INFO  org.apache.catalina.core.StandardEngine - Starting Servlet engine: [Apache Tomcat/10.1.5]
2025-10-26 02:55:51.327 [main] INFO  o.a.c.core.ContainerBase.[Tomcat].[localhost].[/] - Initializing Spring embedded WebApplicationContext
2025-10-26 02:55:51.327 [main] INFO  o.s.b.w.s.c.ServletWebServerApplicationContext - Root WebApplicationContext: initialization completed in 3916 ms
2025-10-26 02:55:51.549 [main] INFO  c.a.d.s.b.a.DruidDataSourceAutoConfigure - Init DruidDataSource
2025-10-26 02:55:52.994 [main] INFO  com.alibaba.druid.pool.DruidDataSource - {dataSource-1} inited
2025-10-26 02:56:21.057 [main] INFO  o.s.boot.web.embedded.tomcat.TomcatWebServer - Tomcat started on port(s): 8080 (http) with context path ''
2025-10-26 02:56:21.071 [main] INFO  com.alibaba.nacos.client.naming - initializer namespace from ans.namespace attribute : null
2025-10-26 02:56:21.072 [main] INFO  com.alibaba.nacos.client.naming - initializer namespace from ALIBABA_ALIWARE_NAMESPACE attribute :null
2025-10-26 02:56:21.073 [main] INFO  com.alibaba.nacos.client.naming - initializer namespace from namespace attribute :null
2025-10-26 02:56:21.093 [main] INFO  c.a.n.p.auth.spi.client.ClientAuthPluginManager - [ClientAuthPluginManager] Load ClientAuthService com.alibaba.nacos.client.auth.impl.NacosClientAuthServiceImpl success.
2025-10-26 02:56:21.093 [main] INFO  c.a.n.p.auth.spi.client.ClientAuthPluginManager - [ClientAuthPluginManager] Load ClientAuthService com.alibaba.nacos.client.auth.ram.RamClientAuthServiceImpl success.
2025-10-26 02:56:21.101 [main] INFO  com.alibaba.nacos.common.remote.client - [RpcClientFactory] create a new rpc client of 223e4bc1-241a-4a1d-8dfd-171058feab81
2025-10-26 02:56:21.105 [main] INFO  com.alibaba.nacos.common.remote.client - [223e4bc1-241a-4a1d-8dfd-171058feab81] RpcClient init, ServerListFactory = com.alibaba.nacos.client.naming.core.ServerListManager
2025-10-26 02:56:21.105 [main] INFO  com.alibaba.nacos.common.remote.client - [223e4bc1-241a-4a1d-8dfd-171058feab81] Registry connection listener to current client:com.alibaba.nacos.client.naming.remote.gprc.redo.NamingGrpcRedoService
2025-10-26 02:56:21.107 [main] INFO  com.alibaba.nacos.common.remote.client - [223e4bc1-241a-4a1d-8dfd-171058feab81] Register server push request handler:com.alibaba.nacos.client.naming.remote.gprc.NamingPushRequestHandler
2025-10-26 02:56:21.107 [main] INFO  com.alibaba.nacos.common.remote.client - [223e4bc1-241a-4a1d-8dfd-171058feab81] Try to connect to server on start up, server: {serverIp = '127.0.0.1', server main port = 8848}
2025-10-26 02:56:21.109 [main] INFO  c.a.nacos.common.remote.client.grpc.GrpcClient - grpc client connection server:127.0.0.1 ip,serverPort:9848,grpcTslConfig:{"sslProvider":"OPENSSL","enableTls":false,"mutualAuthEnable":false,"trustAll":false}
2025-10-26 02:56:21.252 [main] INFO  com.alibaba.nacos.common.remote.client - [223e4bc1-241a-4a1d-8dfd-171058feab81] Success to connect to server [127.0.0.1:8848] on start up, connectionId = 1761418581137_127.0.0.1_64522
2025-10-26 02:56:21.252 [main] INFO  com.alibaba.nacos.common.remote.client - [223e4bc1-241a-4a1d-8dfd-171058feab81] Register server push request handler:com.alibaba.nacos.common.remote.client.RpcClient$ConnectResetRequestHandler
2025-10-26 02:56:21.252 [com.alibaba.nacos.client.remote.worker] INFO  com.alibaba.nacos.common.remote.client - [223e4bc1-241a-4a1d-8dfd-171058feab81] Notify connected event to listeners.
2025-10-26 02:56:21.252 [main] INFO  com.alibaba.nacos.common.remote.client - [223e4bc1-241a-4a1d-8dfd-171058feab81] Register server push request handler:com.alibaba.nacos.common.remote.client.RpcClient$$Lambda$607/0x000001cf8d4fe608
2025-10-26 02:56:21.252 [com.alibaba.nacos.client.remote.worker] INFO  com.alibaba.nacos.client.naming - Grpc connection connect
2025-10-26 02:56:21.255 [main] INFO  com.alibaba.nacos.client.naming - [REGISTER-SERVICE] xiaohongshu registering service xiaohongshu-auth with instance Instance{instanceId='null', ip='192.168.18.1', port=8080, weight=1.0, healthy=true, enabled=true, ephemeral=true, clusterName='DEFAULT', serviceName='null', metadata={IPv6=null, preserved.register.source=SPRING_CLOUD}}
2025-10-26 02:56:21.404 [main] INFO  c.a.cloud.nacos.registry.NacosServiceRegistry - nacos registry, DEFAULT_GROUP xiaohongshu-auth 192.168.18.1:8080 register finished
2025-10-26 02:56:27.095 [main] INFO  c.l.xiaohongshu.auth.XiaohongshuAuthApplication - Started XiaohongshuAuthApplication in 73.024 seconds (process running for 75.831)
2025-10-26 02:56:27.098 [main] INFO  c.l.x.auth.runner.PushRolePermissions2RedisRunner - ==> 服务启动，开始同步角色权限数据到 Redis 中...
2025-10-26 02:56:32.692 [main] DEBUG c.l.x.a.d.mapper.RoleDOMapper.selectEnabledList - ==>  Preparing: select id, role_key, role_name from t_role where status = 0 and is_deleted = 0
2025-10-26 02:56:33.357 [main] DEBUG c.l.x.a.d.mapper.RoleDOMapper.selectEnabledList - ==> Parameters: 
2025-10-26 02:56:33.900 [main] DEBUG c.l.x.a.d.mapper.RoleDOMapper.selectEnabledList - <==      Total: 1
2025-10-26 02:56:33.958 [main] DEBUG c.l.x.a.d.m.RolePermissionDOMapper.selectByRoleIds - ==>  Preparing: select role_id, permission_id from t_role_permission_rel where role_id in ( ? )
2025-10-26 02:56:33.983 [main] DEBUG c.l.x.a.d.m.RolePermissionDOMapper.selectByRoleIds - ==> Parameters: 1(Long)
2025-10-26 02:56:34.008 [main] DEBUG c.l.x.a.d.m.RolePermissionDOMapper.selectByRoleIds - <==      Total: 2
2025-10-26 02:56:34.011 [main] DEBUG c.l.x.a.d.m.P.selectAppEnabledList - ==>  Preparing: select id, name, permission_key from t_permission where status = 0 and type = 3 and is_deleted = 0
2025-10-26 02:56:34.018 [main] DEBUG c.l.x.a.d.m.P.selectAppEnabledList - ==> Parameters: 
2025-10-26 02:56:34.039 [main] DEBUG c.l.x.a.d.m.P.selectAppEnabledList - <==      Total: 2
2025-10-26 02:56:34.094 [main] INFO  c.l.x.auth.runner.PushRolePermissions2RedisRunner - ==> 服务启动，成功同步角色权限数据到 Redis 中...
2025-10-26 02:56:34.105 [main] INFO  com.alibaba.nacos.client.config.impl.CacheData - nacos.cache.data.init.snapshot = true 
2025-10-26 02:56:34.106 [main] INFO  com.alibaba.nacos.client.config.impl.ClientWorker - [fixed-xiaohongshu-127.0.0.1_8848] [subscribe] xiaohongshu-auth.yaml+DEFAULT_GROUP+xiaohongshu
2025-10-26 02:56:34.137 [main] INFO  com.alibaba.nacos.client.config.impl.CacheData - [fixed-xiaohongshu-127.0.0.1_8848] [add-listener] ok, tenant=xiaohongshu, dataId=xiaohongshu-auth.yaml, group=DEFAULT_GROUP, cnt=1
2025-10-26 02:56:34.137 [main] INFO  c.a.cloud.nacos.refresh.NacosContextRefresher - [Nacos Config] Listening config: dataId=xiaohongshu-auth.yaml, group=DEFAULT_GROUP
2025-10-26 02:56:34.139 [main] INFO  com.alibaba.nacos.client.config.impl.ClientWorker - [fixed-xiaohongshu-127.0.0.1_8848] [subscribe] xiaohongshu-auth-dev.yaml+DEFAULT_GROUP+xiaohongshu
2025-10-26 02:56:34.140 [main] INFO  com.alibaba.nacos.client.config.impl.CacheData - [fixed-xiaohongshu-127.0.0.1_8848] [add-listener] ok, tenant=xiaohongshu, dataId=xiaohongshu-auth-dev.yaml, group=DEFAULT_GROUP, cnt=1
2025-10-26 02:56:34.140 [main] INFO  c.a.cloud.nacos.refresh.NacosContextRefresher - [Nacos Config] Listening config: dataId=xiaohongshu-auth-dev.yaml, group=DEFAULT_GROUP
2025-10-26 02:56:34.142 [main] INFO  com.alibaba.nacos.client.config.impl.ClientWorker - [fixed-xiaohongshu-127.0.0.1_8848] [subscribe] xiaohongshu-auth+DEFAULT_GROUP+xiaohongshu
2025-10-26 02:56:34.142 [main] INFO  com.alibaba.nacos.client.config.impl.CacheData - [fixed-xiaohongshu-127.0.0.1_8848] [add-listener] ok, tenant=xiaohongshu, dataId=xiaohongshu-auth, group=DEFAULT_GROUP, cnt=1
2025-10-26 02:56:34.142 [main] INFO  c.a.cloud.nacos.refresh.NacosContextRefresher - [Nacos Config] Listening config: dataId=xiaohongshu-auth, group=DEFAULT_GROUP
2025-10-26 02:57:54.470 [Thread-2] WARN  c.alibaba.nacos.common.http.HttpClientBeanHolder - [HttpClientBeanHolder] Start destroying common HttpClient
2025-10-26 02:57:54.470 [Thread-10] WARN  com.alibaba.nacos.common.notify.NotifyCenter - [NotifyCenter] Start destroying Publisher
2025-10-26 02:57:54.479 [Thread-10] WARN  com.alibaba.nacos.common.notify.NotifyCenter - [NotifyCenter] Destruction of the end
2025-10-26 02:57:54.484 [Thread-2] WARN  c.alibaba.nacos.common.http.HttpClientBeanHolder - [HttpClientBeanHolder] Destruction of the end
2025-10-26 02:57:54.834 [SpringApplicationShutdownHook] INFO  c.a.cloud.nacos.registry.NacosServiceRegistry - De-registering from Nacos Server now...
2025-10-26 02:57:54.836 [SpringApplicationShutdownHook] INFO  com.alibaba.nacos.client.naming - [DEREGISTER-SERVICE] xiaohongshu deregistering service xiaohongshu-auth with instance: Instance{instanceId='null', ip='192.168.18.1', port=8080, weight=1.0, healthy=true, enabled=true, ephemeral=true, clusterName='DEFAULT', serviceName='null', metadata={}}
2025-10-26 02:57:54.853 [SpringApplicationShutdownHook] INFO  c.a.cloud.nacos.registry.NacosServiceRegistry - De-registration finished.
2025-10-26 02:57:54.854 [SpringApplicationShutdownHook] INFO  com.alibaba.nacos.client.naming - com.alibaba.nacos.client.naming.cache.ServiceInfoHolder do shutdown begin
2025-10-26 02:57:54.855 [SpringApplicationShutdownHook] INFO  com.alibaba.nacos.client.naming - com.alibaba.nacos.client.naming.backups.FailoverReactor do shutdown begin
2025-10-26 02:57:54.855 [SpringApplicationShutdownHook] INFO  com.alibaba.nacos.client.naming - com.alibaba.nacos.client.naming.backups.FailoverReactor do shutdown stop
2025-10-26 02:57:54.855 [SpringApplicationShutdownHook] INFO  com.alibaba.nacos.client.naming - com.alibaba.nacos.client.naming.cache.ServiceInfoHolder do shutdown stop
2025-10-26 02:57:54.855 [SpringApplicationShutdownHook] INFO  com.alibaba.nacos.client.naming - com.alibaba.nacos.client.naming.remote.NamingClientProxyDelegate do shutdown begin
2025-10-26 02:57:54.856 [SpringApplicationShutdownHook] INFO  com.alibaba.nacos.client.naming - com.alibaba.nacos.client.naming.core.ServiceInfoUpdateService do shutdown begin
2025-10-26 02:57:54.856 [SpringApplicationShutdownHook] INFO  com.alibaba.nacos.client.naming - com.alibaba.nacos.client.naming.core.ServiceInfoUpdateService do shutdown stop
2025-10-26 02:57:54.856 [SpringApplicationShutdownHook] INFO  com.alibaba.nacos.client.naming - com.alibaba.nacos.client.naming.core.ServerListManager do shutdown begin
2025-10-26 02:57:54.856 [SpringApplicationShutdownHook] WARN  com.alibaba.nacos.client.naming - [NamingHttpClientManager] Start destroying NacosRestTemplate
2025-10-26 02:57:54.857 [SpringApplicationShutdownHook] WARN  com.alibaba.nacos.client.naming - [NamingHttpClientManager] Destruction of the end
2025-10-26 02:57:54.857 [SpringApplicationShutdownHook] INFO  com.alibaba.nacos.client.naming - com.alibaba.nacos.client.naming.core.ServerListManager do shutdown stop
2025-10-26 02:57:54.857 [SpringApplicationShutdownHook] INFO  com.alibaba.nacos.client.naming - com.alibaba.nacos.client.naming.remote.http.NamingHttpClientProxy do shutdown begin
2025-10-26 02:57:54.857 [SpringApplicationShutdownHook] WARN  com.alibaba.nacos.client.naming - [NamingHttpClientManager] Start destroying NacosRestTemplate
2025-10-26 02:57:54.857 [SpringApplicationShutdownHook] WARN  com.alibaba.nacos.client.naming - [NamingHttpClientManager] Destruction of the end
2025-10-26 02:57:54.857 [SpringApplicationShutdownHook] INFO  com.alibaba.nacos.client.naming - com.alibaba.nacos.client.naming.remote.http.NamingHttpClientProxy do shutdown stop
2025-10-26 02:57:54.858 [SpringApplicationShutdownHook] INFO  com.alibaba.nacos.common.remote.client - Shutdown rpc client, set status to shutdown
2025-10-26 02:57:54.858 [SpringApplicationShutdownHook] INFO  com.alibaba.nacos.common.remote.client - Shutdown client event executor java.util.concurrent.ScheduledThreadPoolExecutor@25e300d8[Running, pool size = 2, active threads = 2, queued tasks = 0, completed tasks = 0]
2025-10-26 02:57:54.858 [SpringApplicationShutdownHook] INFO  com.alibaba.nacos.common.remote.client - Close current connection 1761418581137_127.0.0.1_64522
2025-10-26 02:57:54.861 [nacos-grpc-client-executor-127.0.0.1-34] WARN  c.a.nacos.common.remote.client.grpc.GrpcClient - [1761418581137_127.0.0.1_64522]Ignore error event,isRunning:false,isAbandon=false
2025-10-26 02:57:54.862 [SpringApplicationShutdownHook] INFO  c.a.nacos.common.remote.client.grpc.GrpcClient - Shutdown grpc executor java.util.concurrent.ThreadPoolExecutor@5c6290ce[Running, pool size = 5, active threads = 1, queued tasks = 0, completed tasks = 34]
2025-10-26 02:57:54.862 [SpringApplicationShutdownHook] INFO  com.alibaba.nacos.client.naming - Shutdown grpc redo service executor java.util.concurrent.ScheduledThreadPoolExecutor@61baae5a[Running, pool size = 1, active threads = 0, queued tasks = 1, completed tasks = 31]
2025-10-26 02:57:54.863 [SpringApplicationShutdownHook] INFO  c.a.n.client.auth.ram.identify.CredentialWatcher - [null] CredentialWatcher is stopped
2025-10-26 02:57:54.864 [SpringApplicationShutdownHook] INFO  c.a.n.client.auth.ram.identify.CredentialService - [null] CredentialService is freed
2025-10-26 02:57:54.864 [SpringApplicationShutdownHook] INFO  com.alibaba.nacos.client.naming - com.alibaba.nacos.client.naming.remote.NamingClientProxyDelegate do shutdown stop
2025-10-26 02:57:55.036 [SpringApplicationShutdownHook] INFO  com.alibaba.druid.pool.DruidDataSource - {dataSource-1} closing ...
2025-10-26 02:57:55.056 [SpringApplicationShutdownHook] INFO  com.alibaba.druid.pool.DruidDataSource - {dataSource-1} closed
