2025-10-07 04:51:09.466 [main] INFO  c.l.xiaohongshu.auth.XiaohongshuAuthApplication - Starting XiaohongshuAuthApplication using Java 17.0.12 with PID 17768 (C:\Users\15-bp102TX\IdeaProjects\xiaohongshu\xiaohongshu-auth\target\classes started by 15-bp102TX in C:\Users\15-bp102TX\IdeaProjects\xiaohongshu)
2025-10-07 04:51:09.471 [main] INFO  c.l.xiaohongshu.auth.XiaohongshuAuthApplication - The following 1 profile is active: "dev"
2025-10-07 04:51:12.307 [main] INFO  o.s.boot.web.embedded.tomcat.TomcatWebServer - Tomcat initialized with port(s): 8080 (http)
2025-10-07 04:51:12.327 [main] INFO  org.apache.catalina.core.StandardService - Starting service [Tomcat]
2025-10-07 04:51:12.327 [main] INFO  org.apache.catalina.core.StandardEngine - Starting Servlet engine: [Apache Tomcat/10.1.5]
2025-10-07 04:51:12.485 [main] INFO  o.a.c.core.ContainerBase.[Tomcat].[localhost].[/] - Initializing Spring embedded WebApplicationContext
2025-10-07 04:51:12.486 [main] INFO  o.s.b.w.s.c.ServletWebServerApplicationContext - Root WebApplicationContext: initialization completed in 2885 ms
2025-10-07 04:51:13.174 [main] INFO  c.a.d.s.b.a.DruidDataSourceAutoConfigure - Init DruidDataSource
2025-10-07 04:51:13.942 [main] INFO  com.alibaba.druid.pool.DruidDataSource - {dataSource-1} inited
2025-10-07 04:51:14.585 [main] INFO  o.s.boot.web.embedded.tomcat.TomcatWebServer - Tomcat started on port(s): 8080 (http) with context path ''
2025-10-07 04:51:14.599 [main] INFO  c.l.xiaohongshu.auth.XiaohongshuAuthApplication - Started XiaohongshuAuthApplication in 6.781 seconds (process running for 9.996)
2025-10-07 04:51:52.088 [http-nio-8080-exec-1] INFO  o.a.c.core.ContainerBase.[Tomcat].[localhost].[/] - Initializing Spring DispatcherServlet 'dispatcherServlet'
2025-10-07 04:51:52.090 [http-nio-8080-exec-1] INFO  org.springframework.web.servlet.DispatcherServlet - Initializing Servlet 'dispatcherServlet'
2025-10-07 04:51:52.094 [http-nio-8080-exec-1] INFO  org.springframework.web.servlet.DispatcherServlet - Completed initialization in 4 ms
2025-10-07 04:51:52.157 [http-nio-8080-exec-1] WARN  o.s.core.LocalVariableTableParameterNameDiscoverer - Using deprecated '-debug' fallback for parameter name resolution. Compile the affected code with '-parameters' instead or avoid its introspection: com.lihecen.xiaohongshu.auth.controller.TestController
2025-10-07 04:52:44.242 [SpringApplicationShutdownHook] INFO  com.alibaba.druid.pool.DruidDataSource - {dataSource-1} closing ...
2025-10-07 04:52:44.260 [SpringApplicationShutdownHook] INFO  com.alibaba.druid.pool.DruidDataSource - {dataSource-1} closed
2025-10-07 19:29:03.223 [main] INFO  c.l.xiaohongshu.auth.XiaohongshuAuthApplication - Starting XiaohongshuAuthApplication using Java 17.0.12 with PID 17600 (C:\Users\15-bp102TX\IdeaProjects\xiaohongshu\xiaohongshu-auth\target\classes started by 15-bp102TX in C:\Users\15-bp102TX\IdeaProjects\xiaohongshu)
2025-10-07 19:29:03.239 [main] INFO  c.l.xiaohongshu.auth.XiaohongshuAuthApplication - The following 1 profile is active: "dev"
2025-10-07 19:29:05.059 [main] INFO  o.s.d.r.config.RepositoryConfigurationDelegate - Multiple Spring Data modules found, entering strict repository configuration mode
2025-10-07 19:29:05.067 [main] INFO  o.s.d.r.config.RepositoryConfigurationDelegate - Bootstrapping Spring Data Redis repositories in DEFAULT mode.
2025-10-07 19:29:05.126 [main] INFO  o.s.d.r.config.RepositoryConfigurationDelegate - Finished Spring Data repository scanning in 25 ms. Found 0 Redis repository interfaces.
2025-10-07 19:29:07.693 [main] INFO  o.s.boot.web.embedded.tomcat.TomcatWebServer - Tomcat initialized with port(s): 8080 (http)
2025-10-07 19:29:07.712 [main] INFO  org.apache.catalina.core.StandardService - Starting service [Tomcat]
2025-10-07 19:29:07.712 [main] INFO  org.apache.catalina.core.StandardEngine - Starting Servlet engine: [Apache Tomcat/10.1.5]
2025-10-07 19:29:07.970 [main] INFO  o.a.c.core.ContainerBase.[Tomcat].[localhost].[/] - Initializing Spring embedded WebApplicationContext
2025-10-07 19:29:07.971 [main] INFO  o.s.b.w.s.c.ServletWebServerApplicationContext - Root WebApplicationContext: initialization completed in 4529 ms
2025-10-07 19:29:09.764 [main] INFO  c.a.d.s.b.a.DruidDataSourceAutoConfigure - Init DruidDataSource
2025-10-07 19:29:10.674 [main] INFO  com.alibaba.druid.pool.DruidDataSource - {dataSource-1} inited
2025-10-07 19:29:11.761 [main] INFO  o.s.boot.web.embedded.tomcat.TomcatWebServer - Tomcat started on port(s): 8080 (http) with context path ''
2025-10-07 19:29:11.785 [main] INFO  c.l.xiaohongshu.auth.XiaohongshuAuthApplication - Started XiaohongshuAuthApplication in 10.511 seconds (process running for 12.972)
2025-10-07 19:33:19.027 [SpringApplicationShutdownHook] INFO  com.alibaba.druid.pool.DruidDataSource - {dataSource-1} closing ...
2025-10-07 19:33:19.090 [SpringApplicationShutdownHook] INFO  com.alibaba.druid.pool.DruidDataSource - {dataSource-1} closed
2025-10-07 19:33:28.686 [main] INFO  c.l.xiaohongshu.auth.XiaohongshuAuthApplication - Starting XiaohongshuAuthApplication using Java 17.0.12 with PID 10308 (C:\Users\15-bp102TX\IdeaProjects\xiaohongshu\xiaohongshu-auth\target\classes started by 15-bp102TX in C:\Users\15-bp102TX\IdeaProjects\xiaohongshu)
2025-10-07 19:33:28.692 [main] INFO  c.l.xiaohongshu.auth.XiaohongshuAuthApplication - The following 1 profile is active: "dev"
2025-10-07 19:33:30.433 [main] INFO  o.s.d.r.config.RepositoryConfigurationDelegate - Multiple Spring Data modules found, entering strict repository configuration mode
2025-10-07 19:33:30.442 [main] INFO  o.s.d.r.config.RepositoryConfigurationDelegate - Bootstrapping Spring Data Redis repositories in DEFAULT mode.
2025-10-07 19:33:30.503 [main] INFO  o.s.d.r.config.RepositoryConfigurationDelegate - Finished Spring Data repository scanning in 30 ms. Found 0 Redis repository interfaces.
2025-10-07 19:33:33.206 [main] INFO  o.s.boot.web.embedded.tomcat.TomcatWebServer - Tomcat initialized with port(s): 8080 (http)
2025-10-07 19:33:33.235 [main] INFO  org.apache.catalina.core.StandardService - Starting service [Tomcat]
2025-10-07 19:33:33.236 [main] INFO  org.apache.catalina.core.StandardEngine - Starting Servlet engine: [Apache Tomcat/10.1.5]
2025-10-07 19:33:33.452 [main] INFO  o.a.c.core.ContainerBase.[Tomcat].[localhost].[/] - Initializing Spring embedded WebApplicationContext
2025-10-07 19:33:33.453 [main] INFO  o.s.b.w.s.c.ServletWebServerApplicationContext - Root WebApplicationContext: initialization completed in 4666 ms
2025-10-07 19:33:35.804 [main] INFO  c.a.d.s.b.a.DruidDataSourceAutoConfigure - Init DruidDataSource
2025-10-07 19:33:36.988 [main] INFO  com.alibaba.druid.pool.DruidDataSource - {dataSource-1} inited
2025-10-07 19:33:38.461 [main] INFO  o.s.boot.web.embedded.tomcat.TomcatWebServer - Tomcat started on port(s): 8080 (http) with context path ''
2025-10-07 19:33:38.482 [main] INFO  c.l.xiaohongshu.auth.XiaohongshuAuthApplication - Started XiaohongshuAuthApplication in 11.044 seconds (process running for 12.819)
2025-10-07 19:36:58.409 [SpringApplicationShutdownHook] INFO  com.alibaba.druid.pool.DruidDataSource - {dataSource-1} closing ...
2025-10-07 19:36:58.432 [SpringApplicationShutdownHook] INFO  com.alibaba.druid.pool.DruidDataSource - {dataSource-1} closed
2025-10-07 19:42:06.533 [main] INFO  c.l.xiaohongshu.auth.XiaohongshuAuthApplication - Starting XiaohongshuAuthApplication using Java 17.0.12 with PID 17656 (C:\Users\15-bp102TX\IdeaProjects\xiaohongshu\xiaohongshu-auth\target\classes started by 15-bp102TX in C:\Users\15-bp102TX\IdeaProjects\xiaohongshu)
2025-10-07 19:42:06.539 [main] INFO  c.l.xiaohongshu.auth.XiaohongshuAuthApplication - The following 1 profile is active: "dev"
2025-10-07 19:42:08.469 [main] INFO  o.s.d.r.config.RepositoryConfigurationDelegate - Multiple Spring Data modules found, entering strict repository configuration mode
2025-10-07 19:42:08.479 [main] INFO  o.s.d.r.config.RepositoryConfigurationDelegate - Bootstrapping Spring Data Redis repositories in DEFAULT mode.
2025-10-07 19:42:08.582 [main] INFO  o.s.d.r.config.RepositoryConfigurationDelegate - Finished Spring Data repository scanning in 45 ms. Found 0 Redis repository interfaces.
2025-10-07 19:42:10.727 [main] INFO  o.s.boot.web.embedded.tomcat.TomcatWebServer - Tomcat initialized with port(s): 8080 (http)
2025-10-07 19:42:10.779 [main] INFO  org.apache.catalina.core.StandardService - Starting service [Tomcat]
2025-10-07 19:42:10.780 [main] INFO  org.apache.catalina.core.StandardEngine - Starting Servlet engine: [Apache Tomcat/10.1.5]
2025-10-07 19:42:11.260 [main] INFO  o.a.c.core.ContainerBase.[Tomcat].[localhost].[/] - Initializing Spring embedded WebApplicationContext
2025-10-07 19:42:11.260 [main] INFO  o.s.b.w.s.c.ServletWebServerApplicationContext - Root WebApplicationContext: initialization completed in 4485 ms
2025-10-07 19:42:13.535 [main] INFO  c.a.d.s.b.a.DruidDataSourceAutoConfigure - Init DruidDataSource
2025-10-07 19:42:14.446 [main] INFO  com.alibaba.druid.pool.DruidDataSource - {dataSource-1} inited
2025-10-07 19:42:15.639 [main] INFO  o.s.boot.web.embedded.tomcat.TomcatWebServer - Tomcat started on port(s): 8080 (http) with context path ''
2025-10-07 19:42:15.686 [main] INFO  c.l.xiaohongshu.auth.XiaohongshuAuthApplication - Started XiaohongshuAuthApplication in 10.483 seconds (process running for 12.709)
2025-10-07 19:51:55.887 [SpringApplicationShutdownHook] INFO  com.alibaba.druid.pool.DruidDataSource - {dataSource-1} closing ...
2025-10-07 19:51:55.926 [SpringApplicationShutdownHook] INFO  com.alibaba.druid.pool.DruidDataSource - {dataSource-1} closed
2025-10-07 19:55:23.451 [main] INFO  c.l.xiaohongshu.auth.XiaohongshuAuthApplication - Starting XiaohongshuAuthApplication using Java 17.0.12 with PID 1444 (C:\Users\15-bp102TX\IdeaProjects\xiaohongshu\xiaohongshu-auth\target\classes started by 15-bp102TX in C:\Users\15-bp102TX\IdeaProjects\xiaohongshu)
2025-10-07 19:55:23.456 [main] INFO  c.l.xiaohongshu.auth.XiaohongshuAuthApplication - The following 1 profile is active: "dev"
2025-10-07 19:55:24.597 [main] INFO  o.s.d.r.config.RepositoryConfigurationDelegate - Multiple Spring Data modules found, entering strict repository configuration mode
2025-10-07 19:55:24.607 [main] INFO  o.s.d.r.config.RepositoryConfigurationDelegate - Bootstrapping Spring Data Redis repositories in DEFAULT mode.
2025-10-07 19:55:24.649 [main] INFO  o.s.d.r.config.RepositoryConfigurationDelegate - Finished Spring Data repository scanning in 20 ms. Found 0 Redis repository interfaces.
2025-10-07 19:55:25.759 [main] INFO  o.s.boot.web.embedded.tomcat.TomcatWebServer - Tomcat initialized with port(s): 8080 (http)
2025-10-07 19:55:25.776 [main] INFO  org.apache.catalina.core.StandardService - Starting service [Tomcat]
2025-10-07 19:55:25.777 [main] INFO  org.apache.catalina.core.StandardEngine - Starting Servlet engine: [Apache Tomcat/10.1.5]
2025-10-07 19:55:25.932 [main] INFO  o.a.c.core.ContainerBase.[Tomcat].[localhost].[/] - Initializing Spring embedded WebApplicationContext
2025-10-07 19:55:25.932 [main] INFO  o.s.b.w.s.c.ServletWebServerApplicationContext - Root WebApplicationContext: initialization completed in 2385 ms
2025-10-07 19:55:26.910 [main] INFO  c.a.d.s.b.a.DruidDataSourceAutoConfigure - Init DruidDataSource
2025-10-07 19:55:27.445 [main] INFO  com.alibaba.druid.pool.DruidDataSource - {dataSource-1} inited
2025-10-07 19:55:28.430 [main] INFO  o.s.boot.web.embedded.tomcat.TomcatWebServer - Tomcat started on port(s): 8080 (http) with context path ''
2025-10-07 19:55:28.441 [main] INFO  c.l.xiaohongshu.auth.XiaohongshuAuthApplication - Started XiaohongshuAuthApplication in 6.169 seconds (process running for 7.683)
2025-10-07 20:08:33.562 [SpringApplicationShutdownHook] INFO  com.alibaba.druid.pool.DruidDataSource - {dataSource-1} closing ...
2025-10-07 20:08:33.638 [SpringApplicationShutdownHook] INFO  com.alibaba.druid.pool.DruidDataSource - {dataSource-1} closed
2025-10-07 20:29:29.552 [main] INFO  c.l.xiaohongshu.auth.XiaohongshuAuthApplication - Starting XiaohongshuAuthApplication using Java 17.0.12 with PID 19788 (C:\Users\15-bp102TX\IdeaProjects\xiaohongshu\xiaohongshu-auth\target\classes started by 15-bp102TX in C:\Users\15-bp102TX\IdeaProjects\xiaohongshu)
2025-10-07 20:29:29.552 [main] INFO  c.l.xiaohongshu.auth.XiaohongshuAuthApplication - The following 1 profile is active: "dev"
2025-10-07 20:29:30.596 [main] INFO  o.s.d.r.config.RepositoryConfigurationDelegate - Multiple Spring Data modules found, entering strict repository configuration mode
2025-10-07 20:29:30.596 [main] INFO  o.s.d.r.config.RepositoryConfigurationDelegate - Bootstrapping Spring Data Redis repositories in DEFAULT mode.
2025-10-07 20:29:30.636 [main] INFO  o.s.d.r.config.RepositoryConfigurationDelegate - Finished Spring Data repository scanning in 18 ms. Found 0 Redis repository interfaces.
2025-10-07 20:29:31.585 [main] INFO  o.s.boot.web.embedded.tomcat.TomcatWebServer - Tomcat initialized with port(s): 8080 (http)
2025-10-07 20:29:31.595 [main] INFO  org.apache.catalina.core.StandardService - Starting service [Tomcat]
2025-10-07 20:29:31.595 [main] INFO  org.apache.catalina.core.StandardEngine - Starting Servlet engine: [Apache Tomcat/10.1.5]
2025-10-07 20:29:31.725 [main] INFO  o.a.c.core.ContainerBase.[Tomcat].[localhost].[/] - Initializing Spring embedded WebApplicationContext
2025-10-07 20:29:31.725 [main] INFO  o.s.b.w.s.c.ServletWebServerApplicationContext - Root WebApplicationContext: initialization completed in 2083 ms
2025-10-07 20:29:32.661 [main] INFO  c.a.d.s.b.a.DruidDataSourceAutoConfigure - Init DruidDataSource
2025-10-07 20:29:33.219 [main] INFO  com.alibaba.druid.pool.DruidDataSource - {dataSource-1} inited
2025-10-07 20:29:33.691 [main] INFO  o.s.boot.web.embedded.tomcat.TomcatWebServer - Tomcat started on port(s): 8080 (http) with context path ''
2025-10-07 20:29:33.701 [main] INFO  c.l.xiaohongshu.auth.XiaohongshuAuthApplication - Started XiaohongshuAuthApplication in 5.145 seconds (process running for 6.984)
2025-10-07 20:30:09.481 [http-nio-8080-exec-1] INFO  o.a.c.core.ContainerBase.[Tomcat].[localhost].[/] - Initializing Spring DispatcherServlet 'dispatcherServlet'
2025-10-07 20:30:09.481 [http-nio-8080-exec-1] INFO  org.springframework.web.servlet.DispatcherServlet - Initializing Servlet 'dispatcherServlet'
2025-10-07 20:30:09.491 [http-nio-8080-exec-1] INFO  org.springframework.web.servlet.DispatcherServlet - Completed initialization in 0 ms
2025-10-07 20:30:09.752 [http-nio-8080-exec-1] INFO  c.l.f.b.operationlog.aspect.ApiOperationLogAspect - ====== 请求开始: [发送短信验证码], 入参: {"phone":"18019939108"}, 请求类: VerificationCodeController, 请求方法: send =================================== 
2025-10-07 20:30:13.496 [http-nio-8080-exec-1] INFO  c.l.x.a.service.impl.VerificationCodeServiceImpl - ==> 手机号: 18019939108, 已发送验证码: 【862654】
2025-10-07 20:30:13.522 [http-nio-8080-exec-1] INFO  c.l.f.b.operationlog.aspect.ApiOperationLogAspect - ====== 请求结束: [发送短信验证码], 耗时: 3787ms, 出参: {"success":true,"message":null,"errorCode":null,"data":null} =================================== 
2025-10-07 20:31:38.111 [http-nio-8080-exec-8] INFO  c.l.f.b.operationlog.aspect.ApiOperationLogAspect - ====== 请求开始: [发送短信验证码], 入参: {"phone":"18019939108"}, 请求类: VerificationCodeController, 请求方法: send =================================== 
2025-10-07 20:31:38.128 [http-nio-8080-exec-8] WARN  c.l.x.auth.exception.GlobalExceptionHandler - /verification/code/send request fail, errorCode: AUTH-20000, errorMessage: 请求太频繁, 请3分钟后再试
2025-10-07 20:32:45.022 [SpringApplicationShutdownHook] INFO  com.alibaba.druid.pool.DruidDataSource - {dataSource-1} closing ...
2025-10-07 20:32:45.070 [SpringApplicationShutdownHook] INFO  com.alibaba.druid.pool.DruidDataSource - {dataSource-1} closed
