2025-10-06 17:42:31.630 [main] INFO  c.l.xiaohongshu.auth.XiaohongshuAuthApplication - Starting XiaohongshuAuthApplication using Java 17.0.12 with PID 2532 (C:\Users\15-bp102TX\IdeaProjects\xiaohongshu\xiaohongshu-auth\target\classes started by 15-bp102TX in C:\Users\15-bp102TX\IdeaProjects\xiaohongshu)
2025-10-06 17:42:31.635 [main] INFO  c.l.xiaohongshu.auth.XiaohongshuAuthApplication - The following 1 profile is active: "dev"
2025-10-06 17:42:34.996 [main] INFO  o.s.boot.web.embedded.tomcat.TomcatWebServer - Tomcat initialized with port(s): 8080 (http)
2025-10-06 17:42:35.022 [main] INFO  org.apache.catalina.core.StandardService - Starting service [Tomcat]
2025-10-06 17:42:35.023 [main] INFO  org.apache.catalina.core.StandardEngine - Starting Servlet engine: [Apache Tomcat/10.1.5]
2025-10-06 17:42:35.256 [main] INFO  o.a.c.core.ContainerBase.[Tomcat].[localhost].[/] - Initializing Spring embedded WebApplicationContext
2025-10-06 17:42:35.257 [main] INFO  o.s.b.w.s.c.ServletWebServerApplicationContext - Root WebApplicationContext: initialization completed in 3508 ms
2025-10-06 17:42:36.572 [main] INFO  c.a.d.s.b.a.DruidDataSourceAutoConfigure - Init DruidDataSource
2025-10-06 17:42:37.417 [main] INFO  com.alibaba.druid.pool.DruidDataSource - {dataSource-1} inited
2025-10-06 17:42:37.950 [main] INFO  o.s.boot.web.embedded.tomcat.TomcatWebServer - Tomcat started on port(s): 8080 (http) with context path ''
2025-10-06 17:42:37.959 [main] INFO  c.l.xiaohongshu.auth.XiaohongshuAuthApplication - Started XiaohongshuAuthApplication in 7.495 seconds (process running for 9.311)
2025-10-06 17:44:03.397 [SpringApplicationShutdownHook] INFO  com.alibaba.druid.pool.DruidDataSource - {dataSource-1} closing ...
2025-10-06 17:44:03.416 [SpringApplicationShutdownHook] INFO  com.alibaba.druid.pool.DruidDataSource - {dataSource-1} closed
2025-10-06 17:49:06.797 [main] INFO  c.l.xiaohongshu.auth.XiaohongshuAuthApplication - Starting XiaohongshuAuthApplication using Java 17.0.12 with PID 4120 (C:\Users\15-bp102TX\IdeaProjects\xiaohongshu\xiaohongshu-auth\target\classes started by 15-bp102TX in C:\Users\15-bp102TX\IdeaProjects\xiaohongshu)
2025-10-06 17:49:06.800 [main] INFO  c.l.xiaohongshu.auth.XiaohongshuAuthApplication - The following 1 profile is active: "dev"
2025-10-06 17:49:08.332 [main] INFO  o.s.boot.web.embedded.tomcat.TomcatWebServer - Tomcat initialized with port(s): 8080 (http)
2025-10-06 17:49:08.344 [main] INFO  org.apache.catalina.core.StandardService - Starting service [Tomcat]
2025-10-06 17:49:08.344 [main] INFO  org.apache.catalina.core.StandardEngine - Starting Servlet engine: [Apache Tomcat/10.1.5]
2025-10-06 17:49:08.461 [main] INFO  o.a.c.core.ContainerBase.[Tomcat].[localhost].[/] - Initializing Spring embedded WebApplicationContext
2025-10-06 17:49:08.461 [main] INFO  o.s.b.w.s.c.ServletWebServerApplicationContext - Root WebApplicationContext: initialization completed in 1611 ms
2025-10-06 17:49:08.915 [main] INFO  c.a.d.s.b.a.DruidDataSourceAutoConfigure - Init DruidDataSource
2025-10-06 17:49:09.372 [main] INFO  com.alibaba.druid.pool.DruidDataSource - {dataSource-1} inited
2025-10-06 17:49:09.791 [main] INFO  o.s.boot.web.embedded.tomcat.TomcatWebServer - Tomcat started on port(s): 8080 (http) with context path ''
2025-10-06 17:49:09.799 [main] INFO  c.l.xiaohongshu.auth.XiaohongshuAuthApplication - Started XiaohongshuAuthApplication in 3.741 seconds (process running for 4.811)
2025-10-06 17:50:28.942 [SpringApplicationShutdownHook] INFO  com.alibaba.druid.pool.DruidDataSource - {dataSource-1} closing ...
2025-10-06 17:50:28.960 [SpringApplicationShutdownHook] INFO  com.alibaba.druid.pool.DruidDataSource - {dataSource-1} closed
