2025-10-19 04:36:16.303 [main] INFO  c.l.xiaohongshu.auth.XiaohongshuAuthApplication - Starting XiaohongshuAuthApplication using Java 17.0.12 with PID 13824 (C:\Users\15-bp102TX\IdeaProjects\xiaohongshu\xiaohongshu-auth\target\classes started by 15-bp102TX in C:\Users\15-bp102TX\IdeaProjects\xiaohongshu)
2025-10-19 04:36:16.307 [main] INFO  c.l.xiaohongshu.auth.XiaohongshuAuthApplication - The following 1 profile is active: "dev"
2025-10-19 04:36:17.421 [main] INFO  o.s.d.r.config.RepositoryConfigurationDelegate - Multiple Spring Data modules found, entering strict repository configuration mode
2025-10-19 04:36:17.426 [main] INFO  o.s.d.r.config.RepositoryConfigurationDelegate - Bootstrapping Spring Data Redis repositories in DEFAULT mode.
2025-10-19 04:36:17.466 [main] INFO  o.s.d.r.config.RepositoryConfigurationDelegate - Finished Spring Data repository scanning in 18 ms. Found 0 Redis repository interfaces.
2025-10-19 04:36:18.610 [main] INFO  o.s.boot.web.embedded.tomcat.TomcatWebServer - Tomcat initialized with port(s): 8080 (http)
2025-10-19 04:36:18.622 [main] INFO  org.apache.catalina.core.StandardService - Starting service [Tomcat]
2025-10-19 04:36:18.622 [main] INFO  org.apache.catalina.core.StandardEngine - Starting Servlet engine: [Apache Tomcat/10.1.5]
2025-10-19 04:36:18.764 [main] INFO  o.a.c.core.ContainerBase.[Tomcat].[localhost].[/] - Initializing Spring embedded WebApplicationContext
2025-10-19 04:36:18.764 [main] INFO  o.s.b.w.s.c.ServletWebServerApplicationContext - Root WebApplicationContext: initialization completed in 2380 ms
2025-10-19 04:36:18.904 [main] INFO  c.a.d.s.b.a.DruidDataSourceAutoConfigure - Init DruidDataSource
2025-10-19 04:36:19.591 [main] INFO  com.alibaba.druid.pool.DruidDataSource - {dataSource-1} inited
2025-10-19 04:36:21.145 [main] INFO  o.s.boot.web.embedded.tomcat.TomcatWebServer - Tomcat started on port(s): 8080 (http) with context path ''
2025-10-19 04:36:21.155 [main] INFO  c.l.xiaohongshu.auth.XiaohongshuAuthApplication - Started XiaohongshuAuthApplication in 6.059 seconds (process running for 7.978)
2025-10-19 04:36:21.158 [main] INFO  c.l.x.auth.runner.PushRolePermissions2RedisRunner - ==> 服务启动，开始同步角色权限数据到 Redis 中...
2025-10-19 04:36:24.124 [main] DEBUG c.l.x.a.d.mapper.RoleDOMapper.selectEnabledList - ==>  Preparing: select id, role_key, role_name from t_role where status = 0 and is_deleted = 0
2025-10-19 04:36:24.414 [main] DEBUG c.l.x.a.d.mapper.RoleDOMapper.selectEnabledList - ==> Parameters: 
2025-10-19 04:36:24.501 [main] DEBUG c.l.x.a.d.mapper.RoleDOMapper.selectEnabledList - <==      Total: 1
2025-10-19 04:36:24.530 [main] DEBUG c.l.x.a.d.m.RolePermissionDOMapper.selectByRoleIds - ==>  Preparing: select role_id, permission_id from t_role_permission_rel where role_id in ( ? )
2025-10-19 04:36:24.533 [main] DEBUG c.l.x.a.d.m.RolePermissionDOMapper.selectByRoleIds - ==> Parameters: 1(Long)
2025-10-19 04:36:24.542 [main] DEBUG c.l.x.a.d.m.RolePermissionDOMapper.selectByRoleIds - <==      Total: 2
2025-10-19 04:36:24.543 [main] DEBUG c.l.x.a.d.m.P.selectAppEnabledList - ==>  Preparing: select id, name, permission_key from t_permission where status = 0 and type = 3 and is_deleted = 0
2025-10-19 04:36:24.546 [main] DEBUG c.l.x.a.d.m.P.selectAppEnabledList - ==> Parameters: 
2025-10-19 04:36:24.554 [main] DEBUG c.l.x.a.d.m.P.selectAppEnabledList - <==      Total: 2
2025-10-19 04:36:24.627 [main] INFO  c.l.x.auth.runner.PushRolePermissions2RedisRunner - ==> 服务启动，成功同步角色权限数据到 Redis 中...
2025-10-19 04:37:13.797 [SpringApplicationShutdownHook] INFO  com.alibaba.druid.pool.DruidDataSource - {dataSource-1} closing ...
2025-10-19 04:37:13.819 [SpringApplicationShutdownHook] INFO  com.alibaba.druid.pool.DruidDataSource - {dataSource-1} closed
2025-10-19 04:39:39.615 [main] INFO  c.l.xiaohongshu.auth.XiaohongshuAuthApplication - Starting XiaohongshuAuthApplication using Java 17.0.12 with PID 9872 (C:\Users\15-bp102TX\IdeaProjects\xiaohongshu\xiaohongshu-auth\target\classes started by 15-bp102TX in C:\Users\15-bp102TX\IdeaProjects\xiaohongshu)
2025-10-19 04:39:39.620 [main] INFO  c.l.xiaohongshu.auth.XiaohongshuAuthApplication - The following 1 profile is active: "dev"
2025-10-19 04:39:40.526 [main] INFO  o.s.d.r.config.RepositoryConfigurationDelegate - Multiple Spring Data modules found, entering strict repository configuration mode
2025-10-19 04:39:40.530 [main] INFO  o.s.d.r.config.RepositoryConfigurationDelegate - Bootstrapping Spring Data Redis repositories in DEFAULT mode.
2025-10-19 04:39:40.563 [main] INFO  o.s.d.r.config.RepositoryConfigurationDelegate - Finished Spring Data repository scanning in 16 ms. Found 0 Redis repository interfaces.
2025-10-19 04:39:41.447 [main] INFO  o.s.boot.web.embedded.tomcat.TomcatWebServer - Tomcat initialized with port(s): 8080 (http)
2025-10-19 04:39:41.457 [main] INFO  org.apache.catalina.core.StandardService - Starting service [Tomcat]
2025-10-19 04:39:41.457 [main] INFO  org.apache.catalina.core.StandardEngine - Starting Servlet engine: [Apache Tomcat/10.1.5]
2025-10-19 04:39:41.590 [main] INFO  o.a.c.core.ContainerBase.[Tomcat].[localhost].[/] - Initializing Spring embedded WebApplicationContext
2025-10-19 04:39:41.591 [main] INFO  o.s.b.w.s.c.ServletWebServerApplicationContext - Root WebApplicationContext: initialization completed in 1895 ms
2025-10-19 04:39:41.726 [main] INFO  c.a.d.s.b.a.DruidDataSourceAutoConfigure - Init DruidDataSource
2025-10-19 04:39:42.441 [main] INFO  com.alibaba.druid.pool.DruidDataSource - {dataSource-1} inited
2025-10-19 04:39:43.837 [main] INFO  o.s.boot.web.embedded.tomcat.TomcatWebServer - Tomcat started on port(s): 8080 (http) with context path ''
2025-10-19 04:39:43.846 [main] INFO  c.l.xiaohongshu.auth.XiaohongshuAuthApplication - Started XiaohongshuAuthApplication in 5.451 seconds (process running for 6.972)
2025-10-19 04:39:43.850 [main] INFO  c.l.x.auth.runner.PushRolePermissions2RedisRunner - ==> 服务启动，开始同步角色权限数据到 Redis 中...
2025-10-19 04:39:48.073 [main] WARN  c.l.x.auth.runner.PushRolePermissions2RedisRunner - ==> 角色权限数据已经同步至 Redis 中，不再同步...
2025-10-19 04:41:02.010 [SpringApplicationShutdownHook] INFO  com.alibaba.druid.pool.DruidDataSource - {dataSource-1} closing ...
2025-10-19 04:41:02.022 [SpringApplicationShutdownHook] INFO  com.alibaba.druid.pool.DruidDataSource - {dataSource-1} closed
2025-10-19 21:35:48.221 [main] INFO  c.a.b.nacos.config.util.NacosConfigPropertiesUtils - nacosConfigProperties : NacosConfigProperties{serverAddr='http://127.0.0.1:8848/', contextPath='null', encode='null', endpoint='null', namespace='null', accessKey='******', secretKey='******', ramRoleName='null', autoRefresh=true, dataId='xiaohongshu-auth', dataIds='null', group='DEFAULT_GROUP', type=YAML, maxRetry='null', configLongPollTimeout='null', configRetryTime='null', enableRemoteSyncConfig=false, extConfig=[], bootstrap=Bootstrap{enable=true, snapshotEnable=false, logEnable=false}}
2025-10-19 21:35:48.377 [main] INFO  c.a.b.nacos.config.util.NacosConfigPropertiesUtils - nacosConfigProperties : NacosConfigProperties{serverAddr='http://127.0.0.1:8848/', contextPath='null', encode='null', endpoint='null', namespace='null', accessKey='******', secretKey='******', ramRoleName='null', autoRefresh=true, dataId='xiaohongshu-auth', dataIds='null', group='DEFAULT_GROUP', type=YAML, maxRetry='null', configLongPollTimeout='null', configRetryTime='null', enableRemoteSyncConfig=false, extConfig=[], bootstrap=Bootstrap{enable=true, snapshotEnable=false, logEnable=false}}
2025-10-19 21:35:48.411 [main] WARN  com.alibaba.nacos.client.logging.NacosLogging - Load Logback Configuration of Nacos fail, message: Could not initialize Logback Nacos logging from classpath:nacos-logback.xml
2025-10-19 21:35:48.411 [main] INFO  c.a.n.client.config.impl.LocalConfigInfoProcessor - LOCAL_SNAPSHOT_PATH:C:\Users\15-bp102TX\nacos\config
2025-10-19 21:35:48.444 [main] INFO  com.alibaba.nacos.client.utils.ParamUtil - [settings] [req-serv] nacos-server port:8848
2025-10-19 21:35:48.444 [main] INFO  com.alibaba.nacos.client.utils.ParamUtil - [settings] [http-client] connect timeout:1000
2025-10-19 21:35:48.447 [main] INFO  com.alibaba.nacos.client.utils.ParamUtil - PER_TASK_CONFIG_SIZE: 3000.0
2025-10-19 21:35:48.524 [main] INFO  c.a.n.p.auth.spi.client.ClientAuthPluginManager - [ClientAuthPluginManager] Load ClientAuthService com.alibaba.nacos.client.auth.impl.NacosClientAuthServiceImpl success.
2025-10-19 21:35:48.524 [main] INFO  c.a.n.p.auth.spi.client.ClientAuthPluginManager - [ClientAuthPluginManager] Load ClientAuthService com.alibaba.nacos.client.auth.ram.RamClientAuthServiceImpl success.
2025-10-19 21:35:48.533 [main] INFO  c.a.n.client.auth.ram.identify.CredentialWatcher - null No credential found
2025-10-19 21:35:48.556 [main] INFO  com.alibaba.nacos.common.remote.client - [RpcClientFactory] create a new rpc client of 9d2cc733-9c10-4516-862a-bc2e64454230_config-0
2025-10-19 21:35:48.607 [main] INFO  com.alibaba.nacos.common.remote.client - [9d2cc733-9c10-4516-862a-bc2e64454230_config-0] Register server push request handler:com.alibaba.nacos.client.config.impl.ClientWorker$ConfigRpcTransportClient$$Lambda$425/0x0000027e812bc2b8
2025-10-19 21:35:48.608 [main] INFO  com.alibaba.nacos.common.remote.client - [9d2cc733-9c10-4516-862a-bc2e64454230_config-0] Register server push request handler:com.alibaba.nacos.client.config.impl.ClientWorker$ConfigRpcTransportClient$$Lambda$426/0x0000027e812bc8e0
2025-10-19 21:35:48.609 [main] INFO  com.alibaba.nacos.common.remote.client - [9d2cc733-9c10-4516-862a-bc2e64454230_config-0] Registry connection listener to current client:com.alibaba.nacos.client.config.impl.ClientWorker$ConfigRpcTransportClient$1
2025-10-19 21:35:48.610 [main] INFO  com.alibaba.nacos.common.remote.client - [9d2cc733-9c10-4516-862a-bc2e64454230_config-0] RpcClient init, ServerListFactory = com.alibaba.nacos.client.config.impl.ClientWorker$ConfigRpcTransportClient$2
2025-10-19 21:35:48.632 [main] INFO  com.alibaba.nacos.common.remote.client - [9d2cc733-9c10-4516-862a-bc2e64454230_config-0] Try to connect to server on start up, server: {serverIp = '127.0.0.1', server main port = 8848}
2025-10-19 21:35:49.249 [main] INFO  c.a.nacos.common.remote.client.grpc.GrpcClient - grpc client connection server:127.0.0.1 ip,serverPort:9848,grpcTslConfig:{"sslProvider":"OPENSSL","enableTls":false,"mutualAuthEnable":false,"trustAll":false}
2025-10-19 21:36:01.240 [main] ERROR c.a.nacos.common.remote.client.grpc.GrpcClient - Server check fail, please check server 127.0.0.1 ,port 9848 is available , error ={}
java.util.concurrent.TimeoutException: Waited 3000 milliseconds (plus 14 milliseconds, 500900 nanoseconds delay) for com.alibaba.nacos.shaded.io.grpc.stub.ClientCalls$GrpcFuture@6342d610[status=PENDING, info=[GrpcFuture{clientCall=PendingCall{realCall=ClientCallImpl{method=MethodDescriptor{fullMethodName=Request/request, type=UNARY, idempotent=false, safe=false, sampledToLocalTracing=true, requestMarshaller=com.alibaba.nacos.shaded.io.grpc.protobuf.lite.ProtoLiteUtils$MessageMarshaller@dc4a691, responseMarshaller=com.alibaba.nacos.shaded.io.grpc.protobuf.lite.ProtoLiteUtils$MessageMarshaller@784abd3e, schemaDescriptor=com.alibaba.nacos.api.grpc.auto.RequestGrpc$RequestMethodDescriptorSupplier@36c2b646}}}}]]
	at com.alibaba.nacos.shaded.com.google.common.util.concurrent.AbstractFuture.get(AbstractFuture.java:508)
	at com.alibaba.nacos.common.remote.client.grpc.GrpcClient.serverCheck(GrpcClient.java:218)
	at com.alibaba.nacos.common.remote.client.grpc.GrpcClient.connectToServer(GrpcClient.java:329)
	at com.alibaba.nacos.common.remote.client.RpcClient.start(RpcClient.java:363)
	at com.alibaba.nacos.client.config.impl.ClientWorker$ConfigRpcTransportClient.ensureRpcClient(ClientWorker.java:891)
	at com.alibaba.nacos.client.config.impl.ClientWorker$ConfigRpcTransportClient.getOneRunningClient(ClientWorker.java:1038)
	at com.alibaba.nacos.client.config.impl.ClientWorker$ConfigRpcTransportClient.queryConfig(ClientWorker.java:946)
	at com.alibaba.nacos.client.config.impl.ClientWorker.getServerConfig(ClientWorker.java:403)
	at com.alibaba.nacos.client.config.NacosConfigService.getConfigInner(NacosConfigService.java:184)
	at com.alibaba.nacos.client.config.NacosConfigService.getConfig(NacosConfigService.java:96)
	at com.alibaba.nacos.spring.context.event.config.EventPublishingConfigService.getConfig(EventPublishingConfigService.java:63)
	at com.alibaba.nacos.spring.util.NacosUtils.getContent(NacosUtils.java:386)
	at com.alibaba.boot.nacos.config.util.NacosConfigLoader.reqNacosConfig(NacosConfigLoader.java:157)
	at com.alibaba.boot.nacos.config.util.NacosConfigLoader.reqGlobalNacosConfig(NacosConfigLoader.java:125)
	at com.alibaba.boot.nacos.config.util.NacosConfigLoader.loadConfig(NacosConfigLoader.java:63)
	at com.alibaba.boot.nacos.config.autoconfigure.NacosConfigApplicationContextInitializer.initialize(NacosConfigApplicationContextInitializer.java:94)
	at org.springframework.boot.SpringApplication.applyInitializers(SpringApplication.java:603)
	at org.springframework.boot.SpringApplication.prepareContext(SpringApplication.java:383)
	at org.springframework.boot.SpringApplication.run(SpringApplication.java:307)
	at org.springframework.boot.SpringApplication.run(SpringApplication.java:1302)
	at org.springframework.boot.SpringApplication.run(SpringApplication.java:1291)
	at com.lihecen.xiaohongshu.auth.XiaohongshuAuthApplication.main(XiaohongshuAuthApplication.java:11)
2025-10-19 21:36:01.251 [main] INFO  com.alibaba.nacos.common.remote.client - [9d2cc733-9c10-4516-862a-bc2e64454230_config-0] Try to connect to server on start up, server: {serverIp = '127.0.0.1', server main port = 8848}
2025-10-19 21:36:01.251 [main] INFO  c.a.nacos.common.remote.client.grpc.GrpcClient - grpc client connection server:127.0.0.1 ip,serverPort:9848,grpcTslConfig:{"sslProvider":"OPENSSL","enableTls":false,"mutualAuthEnable":false,"trustAll":false}
2025-10-19 21:36:04.255 [main] ERROR c.a.nacos.common.remote.client.grpc.GrpcClient - Server check fail, please check server 127.0.0.1 ,port 9848 is available , error ={}
java.util.concurrent.TimeoutException: Waited 3000 milliseconds (plus 788900 nanoseconds delay) for com.alibaba.nacos.shaded.io.grpc.stub.ClientCalls$GrpcFuture@4b97c4ad[status=PENDING, info=[GrpcFuture{clientCall=PendingCall{realCall=ClientCallImpl{method=MethodDescriptor{fullMethodName=Request/request, type=UNARY, idempotent=false, safe=false, sampledToLocalTracing=true, requestMarshaller=com.alibaba.nacos.shaded.io.grpc.protobuf.lite.ProtoLiteUtils$MessageMarshaller@dc4a691, responseMarshaller=com.alibaba.nacos.shaded.io.grpc.protobuf.lite.ProtoLiteUtils$MessageMarshaller@784abd3e, schemaDescriptor=com.alibaba.nacos.api.grpc.auto.RequestGrpc$RequestMethodDescriptorSupplier@36c2b646}}}}]]
	at com.alibaba.nacos.shaded.com.google.common.util.concurrent.AbstractFuture.get(AbstractFuture.java:508)
	at com.alibaba.nacos.common.remote.client.grpc.GrpcClient.serverCheck(GrpcClient.java:218)
	at com.alibaba.nacos.common.remote.client.grpc.GrpcClient.connectToServer(GrpcClient.java:329)
	at com.alibaba.nacos.common.remote.client.RpcClient.start(RpcClient.java:363)
	at com.alibaba.nacos.client.config.impl.ClientWorker$ConfigRpcTransportClient.ensureRpcClient(ClientWorker.java:891)
	at com.alibaba.nacos.client.config.impl.ClientWorker$ConfigRpcTransportClient.getOneRunningClient(ClientWorker.java:1038)
	at com.alibaba.nacos.client.config.impl.ClientWorker$ConfigRpcTransportClient.queryConfig(ClientWorker.java:946)
	at com.alibaba.nacos.client.config.impl.ClientWorker.getServerConfig(ClientWorker.java:403)
	at com.alibaba.nacos.client.config.NacosConfigService.getConfigInner(NacosConfigService.java:184)
	at com.alibaba.nacos.client.config.NacosConfigService.getConfig(NacosConfigService.java:96)
	at com.alibaba.nacos.spring.context.event.config.EventPublishingConfigService.getConfig(EventPublishingConfigService.java:63)
	at com.alibaba.nacos.spring.util.NacosUtils.getContent(NacosUtils.java:386)
	at com.alibaba.boot.nacos.config.util.NacosConfigLoader.reqNacosConfig(NacosConfigLoader.java:157)
	at com.alibaba.boot.nacos.config.util.NacosConfigLoader.reqGlobalNacosConfig(NacosConfigLoader.java:125)
	at com.alibaba.boot.nacos.config.util.NacosConfigLoader.loadConfig(NacosConfigLoader.java:63)
	at com.alibaba.boot.nacos.config.autoconfigure.NacosConfigApplicationContextInitializer.initialize(NacosConfigApplicationContextInitializer.java:94)
	at org.springframework.boot.SpringApplication.applyInitializers(SpringApplication.java:603)
	at org.springframework.boot.SpringApplication.prepareContext(SpringApplication.java:383)
	at org.springframework.boot.SpringApplication.run(SpringApplication.java:307)
	at org.springframework.boot.SpringApplication.run(SpringApplication.java:1302)
	at org.springframework.boot.SpringApplication.run(SpringApplication.java:1291)
	at com.lihecen.xiaohongshu.auth.XiaohongshuAuthApplication.main(XiaohongshuAuthApplication.java:11)
2025-10-19 21:36:04.256 [main] INFO  com.alibaba.nacos.common.remote.client - [9d2cc733-9c10-4516-862a-bc2e64454230_config-0] Try to connect to server on start up, server: {serverIp = '127.0.0.1', server main port = 8848}
2025-10-19 21:36:04.257 [main] INFO  c.a.nacos.common.remote.client.grpc.GrpcClient - grpc client connection server:127.0.0.1 ip,serverPort:9848,grpcTslConfig:{"sslProvider":"OPENSSL","enableTls":false,"mutualAuthEnable":false,"trustAll":false}
2025-10-19 21:36:06.275 [main] INFO  com.alibaba.nacos.common.remote.client - [9d2cc733-9c10-4516-862a-bc2e64454230_config-0] Success to connect to server [127.0.0.1:8848] on start up, connectionId = 1760880965697_127.0.0.1_57127
2025-10-19 21:36:06.280 [com.alibaba.nacos.client.remote.worker] INFO  com.alibaba.nacos.common.remote.client - [9d2cc733-9c10-4516-862a-bc2e64454230_config-0] Notify connected event to listeners.
2025-10-19 21:36:06.282 [com.alibaba.nacos.client.remote.worker] INFO  com.alibaba.nacos.client.config.impl.ClientWorker - [9d2cc733-9c10-4516-862a-bc2e64454230_config-0] Connected,notify listen context...
2025-10-19 21:36:06.284 [main] INFO  com.alibaba.nacos.common.remote.client - [9d2cc733-9c10-4516-862a-bc2e64454230_config-0] Register server push request handler:com.alibaba.nacos.common.remote.client.RpcClient$ConnectResetRequestHandler
2025-10-19 21:36:06.288 [main] INFO  com.alibaba.nacos.common.remote.client - [9d2cc733-9c10-4516-862a-bc2e64454230_config-0] Register server push request handler:com.alibaba.nacos.common.remote.client.RpcClient$$Lambda$479/0x0000027e81484890
2025-10-19 21:36:06.468 [main] INFO  com.alibaba.nacos.client.config.impl.Limiter - limitTime:5.0
2025-10-19 21:36:06.816 [main] INFO  c.alibaba.boot.nacos.config.util.NacosConfigLoader - load config from nacos, data-id is : xiaohongshu-auth, group is : DEFAULT_GROUP
2025-10-19 21:36:06.829 [main] INFO  com.alibaba.nacos.client.config.impl.CacheData - nacos.cache.data.init.snapshot = true 
2025-10-19 21:36:06.830 [main] INFO  com.alibaba.nacos.client.config.impl.ClientWorker - [fixed-127.0.0.1_8848_] [subscribe] xiaohongshu-auth+DEFAULT_GROUP
2025-10-19 21:36:06.856 [main] INFO  com.alibaba.nacos.client.config.impl.CacheData - [fixed-127.0.0.1_8848_] [add-listener] ok, tenant=, dataId=xiaohongshu-auth, group=DEFAULT_GROUP, cnt=1
2025-10-19 21:36:06.867 [main] INFO  c.l.xiaohongshu.auth.XiaohongshuAuthApplication - Starting XiaohongshuAuthApplication using Java 17.0.12 with PID 9320 (C:\Users\15-bp102TX\IdeaProjects\xiaohongshu\xiaohongshu-auth\target\classes started by 15-bp102TX in C:\Users\15-bp102TX\IdeaProjects\xiaohongshu)
2025-10-19 21:36:06.869 [main] INFO  c.l.xiaohongshu.auth.XiaohongshuAuthApplication - The following 1 profile is active: "dev"
2025-10-19 21:36:07.187 [com.alibaba.nacos.client.Worker] INFO  com.alibaba.nacos.client.config.impl.CacheData - [fixed-127.0.0.1_8848_] [notify-listener] time cost=1ms in ClientWorker, dataId=xiaohongshu-auth, group=DEFAULT_GROUP, md5=cffccef909ad8c8f73072e978d6afe74, listener=com.alibaba.nacos.spring.context.event.config.DelegatingEventPublishingListener@2a0f54ce 
2025-10-19 21:36:07.211 [nacos.client.cachedata.internal.notifier] INFO  com.alibaba.nacos.client.config.impl.CacheData - [fixed-127.0.0.1_8848_] [notify-ok] dataId=xiaohongshu-auth, group=DEFAULT_GROUP, md5=cffccef909ad8c8f73072e978d6afe74, listener=com.alibaba.nacos.spring.context.event.config.DelegatingEventPublishingListener@2a0f54ce ,cost=3 millis.
2025-10-19 21:36:09.179 [main] INFO  o.s.d.r.config.RepositoryConfigurationDelegate - Multiple Spring Data modules found, entering strict repository configuration mode
2025-10-19 21:36:09.188 [main] INFO  o.s.d.r.config.RepositoryConfigurationDelegate - Bootstrapping Spring Data Redis repositories in DEFAULT mode.
2025-10-19 21:36:09.279 [main] INFO  o.s.d.r.config.RepositoryConfigurationDelegate - Finished Spring Data repository scanning in 51 ms. Found 0 Redis repository interfaces.
2025-10-19 21:36:12.302 [main] INFO  o.s.boot.web.embedded.tomcat.TomcatWebServer - Tomcat initialized with port(s): 8080 (http)
2025-10-19 21:36:12.332 [main] INFO  org.apache.catalina.core.StandardService - Starting service [Tomcat]
2025-10-19 21:36:12.332 [main] INFO  org.apache.catalina.core.StandardEngine - Starting Servlet engine: [Apache Tomcat/10.1.5]
2025-10-19 21:36:12.534 [main] INFO  o.a.c.core.ContainerBase.[Tomcat].[localhost].[/] - Initializing Spring embedded WebApplicationContext
2025-10-19 21:36:12.534 [main] INFO  o.s.b.w.s.c.ServletWebServerApplicationContext - Root WebApplicationContext: initialization completed in 5335 ms
2025-10-19 21:36:12.806 [main] INFO  c.a.d.s.b.a.DruidDataSourceAutoConfigure - Init DruidDataSource
2025-10-19 21:36:14.636 [main] INFO  com.alibaba.druid.pool.DruidDataSource - {dataSource-1} inited
2025-10-19 21:36:17.904 [main] INFO  o.s.boot.web.embedded.tomcat.TomcatWebServer - Tomcat started on port(s): 8080 (http) with context path ''
2025-10-19 21:36:17.987 [main] INFO  c.l.xiaohongshu.auth.XiaohongshuAuthApplication - Started XiaohongshuAuthApplication in 31.198 seconds (process running for 33.565)
2025-10-19 21:36:17.994 [main] INFO  c.l.x.auth.runner.PushRolePermissions2RedisRunner - ==> 服务启动，开始同步角色权限数据到 Redis 中...
2025-10-19 21:36:27.206 [nacos-grpc-client-executor-127.0.0.1-22] INFO  com.alibaba.nacos.common.remote.client - [9d2cc733-9c10-4516-862a-bc2e64454230_config-0] Receive server push request, request = ConfigChangeNotifyRequest, requestId = 1
2025-10-19 21:36:27.206 [nacos-grpc-client-executor-127.0.0.1-22] INFO  com.alibaba.nacos.client.config.impl.ClientWorker - [9d2cc733-9c10-4516-862a-bc2e64454230_config-0] [server-push] config changed. dataId=xiaohongshu-auth, group=DEFAULT_GROUP,tenant=null
2025-10-19 21:36:27.206 [nacos-grpc-client-executor-127.0.0.1-22] INFO  com.alibaba.nacos.common.remote.client - [9d2cc733-9c10-4516-862a-bc2e64454230_config-0] Ack server push request, request = ConfigChangeNotifyRequest, requestId = 1
2025-10-19 21:36:27.270 [com.alibaba.nacos.client.Worker] INFO  com.alibaba.nacos.client.config.impl.ClientWorker - [fixed-127.0.0.1_8848_] [data-received] dataId=xiaohongshu-auth, group=DEFAULT_GROUP, tenant=, md5=1471698a5362b8634206e568a2f28889, content=rate-limit:
  api:
    limit: 888 # 接口限流阈值
, type=yaml
2025-10-19 21:36:27.271 [com.alibaba.nacos.client.Worker] INFO  com.alibaba.nacos.client.config.impl.CacheData - [fixed-127.0.0.1_8848_] [notify-listener] time cost=1ms in ClientWorker, dataId=xiaohongshu-auth, group=DEFAULT_GROUP, md5=1471698a5362b8634206e568a2f28889, listener=com.alibaba.nacos.spring.context.event.config.DelegatingEventPublishingListener@2a0f54ce 
2025-10-19 21:36:27.273 [nacos.client.cachedata.internal.notifier] INFO  com.alibaba.nacos.client.config.impl.CacheData - [fixed-127.0.0.1_8848_] [notify-ok] dataId=xiaohongshu-auth, group=DEFAULT_GROUP, md5=1471698a5362b8634206e568a2f28889, listener=com.alibaba.nacos.spring.context.event.config.DelegatingEventPublishingListener@2a0f54ce ,cost=2 millis.
2025-10-19 21:36:27.696 [main] WARN  c.l.x.auth.runner.PushRolePermissions2RedisRunner - ==> 角色权限数据已经同步至 Redis 中，不再同步...
2025-10-19 21:36:56.093 [http-nio-8080-exec-1] INFO  o.a.c.core.ContainerBase.[Tomcat].[localhost].[/] - Initializing Spring DispatcherServlet 'dispatcherServlet'
2025-10-19 21:36:56.094 [http-nio-8080-exec-1] INFO  org.springframework.web.servlet.DispatcherServlet - Initializing Servlet 'dispatcherServlet'
2025-10-19 21:36:56.096 [http-nio-8080-exec-1] INFO  org.springframework.web.servlet.DispatcherServlet - Completed initialization in 2 ms
2025-10-19 21:37:48.879 [Thread-6] WARN  com.alibaba.nacos.common.notify.NotifyCenter - [NotifyCenter] Start destroying Publisher
2025-10-19 21:37:48.879 [Thread-1] WARN  c.alibaba.nacos.common.http.HttpClientBeanHolder - [HttpClientBeanHolder] Start destroying common HttpClient
2025-10-19 21:37:48.889 [Thread-6] WARN  com.alibaba.nacos.common.notify.NotifyCenter - [NotifyCenter] Destruction of the end
2025-10-19 21:37:48.891 [Thread-1] WARN  c.alibaba.nacos.common.http.HttpClientBeanHolder - [HttpClientBeanHolder] Destruction of the end
2025-10-19 21:37:49.676 [SpringApplicationShutdownHook] INFO  com.alibaba.druid.pool.DruidDataSource - {dataSource-1} closing ...
2025-10-19 21:37:49.701 [SpringApplicationShutdownHook] INFO  com.alibaba.druid.pool.DruidDataSource - {dataSource-1} closed
2025-10-19 21:37:49.705 [SpringApplicationShutdownHook] INFO  c.a.n.s.c.a.c.NacosValueAnnotationBeanPostProcessor - 100 was destroying!
2025-10-19 21:37:49.707 [SpringApplicationShutdownHook] INFO  c.a.n.s.c.a.c.NacosValueAnnotationBeanPostProcessor - class com.alibaba.nacos.spring.context.annotation.config.NacosValueAnnotationBeanPostProcessor was destroying!
2025-10-19 21:37:49.708 [SpringApplicationShutdownHook] INFO  c.a.n.s.b.f.a.AnnotationNacosInjectedBeanPostProcessor - class com.alibaba.nacos.spring.beans.factory.annotation.AnnotationNacosInjectedBeanPostProcessor was destroying!
2025-10-19 22:54:55.364 [main] WARN  com.alibaba.nacos.client.logging.NacosLogging - Load Logback Configuration of Nacos fail, message: Could not initialize Logback Nacos logging from classpath:nacos-logback.xml
2025-10-19 22:54:55.476 [main] WARN  com.alibaba.nacos.client.logging.NacosLogging - Load Logback Configuration of Nacos fail, message: Could not initialize Logback Nacos logging from classpath:nacos-logback.xml
2025-10-19 22:54:55.858 [main] INFO  com.alibaba.cloud.nacos.NacosConfigProperties - set nacos config namespace 'public' to ''
2025-10-19 22:54:55.865 [main] WARN  com.alibaba.nacos.client.logging.NacosLogging - Load Logback Configuration of Nacos fail, message: Could not initialize Logback Nacos logging from classpath:nacos-logback.xml
2025-10-19 22:54:55.868 [main] INFO  com.alibaba.nacos.client.utils.ParamUtil - [settings] [req-serv] nacos-server port:8848
2025-10-19 22:54:55.869 [main] INFO  com.alibaba.nacos.client.utils.ParamUtil - [settings] [http-client] connect timeout:1000
2025-10-19 22:54:55.870 [main] INFO  com.alibaba.nacos.client.utils.ParamUtil - PER_TASK_CONFIG_SIZE: 3000.0
2025-10-19 22:54:55.931 [main] INFO  c.a.n.p.auth.spi.client.ClientAuthPluginManager - [ClientAuthPluginManager] Load ClientAuthService com.alibaba.nacos.client.auth.impl.NacosClientAuthServiceImpl success.
2025-10-19 22:54:55.931 [main] INFO  c.a.n.p.auth.spi.client.ClientAuthPluginManager - [ClientAuthPluginManager] Load ClientAuthService com.alibaba.nacos.client.auth.ram.RamClientAuthServiceImpl success.
2025-10-19 22:54:55.936 [main] INFO  c.a.n.client.auth.ram.identify.CredentialWatcher - null No credential found
2025-10-19 22:55:02.291 [main] WARN  com.alibaba.nacos.client.logging.NacosLogging - Load Logback Configuration of Nacos fail, message: Could not initialize Logback Nacos logging from classpath:nacos-logback.xml
2025-10-19 22:55:02.322 [main] INFO  c.a.n.client.config.impl.LocalConfigInfoProcessor - LOCAL_SNAPSHOT_PATH:C:\Users\15-bp102TX\nacos\config
2025-10-19 22:55:02.330 [main] INFO  com.alibaba.nacos.common.remote.client - [RpcClientFactory] create a new rpc client of 0cd71fae-7e90-4798-a6c0-2197e813a156_config-0
2025-10-19 22:55:02.372 [main] INFO  com.alibaba.nacos.common.remote.client - [0cd71fae-7e90-4798-a6c0-2197e813a156_config-0] Register server push request handler:com.alibaba.nacos.client.config.impl.ClientWorker$ConfigRpcTransportClient$$Lambda$572/0x000001eb013658c8
2025-10-19 22:55:02.372 [main] INFO  com.alibaba.nacos.common.remote.client - [0cd71fae-7e90-4798-a6c0-2197e813a156_config-0] Register server push request handler:com.alibaba.nacos.client.config.impl.ClientWorker$ConfigRpcTransportClient$$Lambda$573/0x000001eb01365ce8
2025-10-19 22:55:02.374 [main] INFO  com.alibaba.nacos.common.remote.client - [0cd71fae-7e90-4798-a6c0-2197e813a156_config-0] Registry connection listener to current client:com.alibaba.nacos.client.config.impl.ClientWorker$ConfigRpcTransportClient$1
2025-10-19 22:55:02.375 [main] INFO  com.alibaba.nacos.common.remote.client - [0cd71fae-7e90-4798-a6c0-2197e813a156_config-0] RpcClient init, ServerListFactory = com.alibaba.nacos.client.config.impl.ClientWorker$ConfigRpcTransportClient$2
2025-10-19 22:55:02.391 [main] INFO  com.alibaba.nacos.common.remote.client - [0cd71fae-7e90-4798-a6c0-2197e813a156_config-0] Try to connect to server on start up, server: {serverIp = '127.0.0.1', server main port = 8848}
2025-10-19 22:55:02.459 [main] INFO  c.a.nacos.common.remote.client.grpc.GrpcClient - grpc client connection server:127.0.0.1 ip,serverPort:9848,grpcTslConfig:{"sslProvider":"OPENSSL","enableTls":false,"mutualAuthEnable":false,"trustAll":false}
2025-10-19 22:55:12.096 [main] ERROR c.a.nacos.common.remote.client.grpc.GrpcClient - Server check fail, please check server 127.0.0.1 ,port 9848 is available , error ={}
java.util.concurrent.TimeoutException: Waited 3000 milliseconds (plus 553801 nanoseconds delay) for com.alibaba.nacos.shaded.io.grpc.stub.ClientCalls$GrpcFuture@4483d35[status=PENDING, info=[GrpcFuture{clientCall=PendingCall{realCall=ClientCallImpl{method=MethodDescriptor{fullMethodName=Request/request, type=UNARY, idempotent=false, safe=false, sampledToLocalTracing=true, requestMarshaller=com.alibaba.nacos.shaded.io.grpc.protobuf.lite.ProtoLiteUtils$MessageMarshaller@204abeff, responseMarshaller=com.alibaba.nacos.shaded.io.grpc.protobuf.lite.ProtoLiteUtils$MessageMarshaller@4b4ee511, schemaDescriptor=com.alibaba.nacos.api.grpc.auto.RequestGrpc$RequestMethodDescriptorSupplier@1f67761b}}}}]]
	at com.alibaba.nacos.shaded.com.google.common.util.concurrent.AbstractFuture.get(AbstractFuture.java:508)
	at com.alibaba.nacos.common.remote.client.grpc.GrpcClient.serverCheck(GrpcClient.java:218)
	at com.alibaba.nacos.common.remote.client.grpc.GrpcClient.connectToServer(GrpcClient.java:329)
	at com.alibaba.nacos.common.remote.client.RpcClient.start(RpcClient.java:363)
	at com.alibaba.nacos.client.config.impl.ClientWorker$ConfigRpcTransportClient.ensureRpcClient(ClientWorker.java:891)
	at com.alibaba.nacos.client.config.impl.ClientWorker$ConfigRpcTransportClient.getOneRunningClient(ClientWorker.java:1038)
	at com.alibaba.nacos.client.config.impl.ClientWorker$ConfigRpcTransportClient.queryConfig(ClientWorker.java:946)
	at com.alibaba.nacos.client.config.impl.ClientWorker.getServerConfig(ClientWorker.java:403)
	at com.alibaba.nacos.client.config.NacosConfigService.getConfigInner(NacosConfigService.java:184)
	at com.alibaba.nacos.client.config.NacosConfigService.getConfig(NacosConfigService.java:96)
	at com.alibaba.cloud.nacos.client.NacosPropertySourceBuilder.loadNacosData(NacosPropertySourceBuilder.java:85)
	at com.alibaba.cloud.nacos.client.NacosPropertySourceBuilder.build(NacosPropertySourceBuilder.java:73)
	at com.alibaba.cloud.nacos.client.NacosPropertySourceLocator.loadNacosPropertySource(NacosPropertySourceLocator.java:199)
	at com.alibaba.cloud.nacos.client.NacosPropertySourceLocator.loadNacosDataIfPresent(NacosPropertySourceLocator.java:186)
	at com.alibaba.cloud.nacos.client.NacosPropertySourceLocator.loadApplicationConfiguration(NacosPropertySourceLocator.java:141)
	at com.alibaba.cloud.nacos.client.NacosPropertySourceLocator.locate(NacosPropertySourceLocator.java:103)
	at org.springframework.cloud.bootstrap.config.PropertySourceLocator.locateCollection(PropertySourceLocator.java:50)
	at org.springframework.cloud.bootstrap.config.PropertySourceLocator.locateCollection(PropertySourceLocator.java:46)
	at org.springframework.cloud.bootstrap.config.PropertySourceBootstrapConfiguration.initialize(PropertySourceBootstrapConfiguration.java:95)
	at org.springframework.boot.SpringApplication.applyInitializers(SpringApplication.java:603)
	at org.springframework.boot.SpringApplication.prepareContext(SpringApplication.java:383)
	at org.springframework.boot.SpringApplication.run(SpringApplication.java:307)
	at org.springframework.boot.SpringApplication.run(SpringApplication.java:1302)
	at org.springframework.boot.SpringApplication.run(SpringApplication.java:1291)
	at com.lihecen.xiaohongshu.auth.XiaohongshuAuthApplication.main(XiaohongshuAuthApplication.java:11)
2025-10-19 22:55:12.102 [main] INFO  com.alibaba.nacos.common.remote.client - [0cd71fae-7e90-4798-a6c0-2197e813a156_config-0] Try to connect to server on start up, server: {serverIp = '127.0.0.1', server main port = 8848}
2025-10-19 22:55:12.102 [main] INFO  c.a.nacos.common.remote.client.grpc.GrpcClient - grpc client connection server:127.0.0.1 ip,serverPort:9848,grpcTslConfig:{"sslProvider":"OPENSSL","enableTls":false,"mutualAuthEnable":false,"trustAll":false}
2025-10-19 22:55:13.621 [main] INFO  com.alibaba.nacos.common.remote.client - [0cd71fae-7e90-4798-a6c0-2197e813a156_config-0] Success to connect to server [127.0.0.1:8848] on start up, connectionId = 1760885713319_127.0.0.1_59137
2025-10-19 22:55:13.622 [com.alibaba.nacos.client.remote.worker] INFO  com.alibaba.nacos.common.remote.client - [0cd71fae-7e90-4798-a6c0-2197e813a156_config-0] Notify connected event to listeners.
2025-10-19 22:55:13.623 [com.alibaba.nacos.client.remote.worker] INFO  com.alibaba.nacos.client.config.impl.ClientWorker - [0cd71fae-7e90-4798-a6c0-2197e813a156_config-0] Connected,notify listen context...
2025-10-19 22:55:13.623 [main] INFO  com.alibaba.nacos.common.remote.client - [0cd71fae-7e90-4798-a6c0-2197e813a156_config-0] Register server push request handler:com.alibaba.nacos.common.remote.client.RpcClient$ConnectResetRequestHandler
2025-10-19 22:55:13.624 [main] INFO  com.alibaba.nacos.common.remote.client - [0cd71fae-7e90-4798-a6c0-2197e813a156_config-0] Register server push request handler:com.alibaba.nacos.common.remote.client.RpcClient$$Lambda$594/0x000001eb014b8668
2025-10-19 22:55:13.710 [main] INFO  com.alibaba.nacos.client.config.impl.Limiter - limitTime:5.0
2025-10-19 22:55:13.762 [main] INFO  com.alibaba.nacos.client.config.utils.JvmUtil - isMultiInstance:false
2025-10-19 22:55:13.787 [main] WARN  c.a.cloud.nacos.client.NacosPropertySourceBuilder - Ignore the empty nacos configuration and get it based on dataId[xiaohongshu-auth.yaml] & group[DEFAULT_GROUP]
2025-10-19 22:55:13.803 [main] INFO  o.s.c.b.c.PropertySourceBootstrapConfiguration - Located property source: [BootstrapPropertySource {name='bootstrapProperties-xiaohongshu-auth-dev.yaml,DEFAULT_GROUP'}, BootstrapPropertySource {name='bootstrapProperties-xiaohongshu-auth.yaml,DEFAULT_GROUP'}, BootstrapPropertySource {name='bootstrapProperties-xiaohongshu-auth,DEFAULT_GROUP'}]
2025-10-19 22:55:13.836 [main] WARN  com.alibaba.nacos.client.logging.NacosLogging - Load Logback Configuration of Nacos fail, message: Could not initialize Logback Nacos logging from classpath:nacos-logback.xml
2025-10-19 22:55:13.838 [main] INFO  c.l.xiaohongshu.auth.XiaohongshuAuthApplication - The following 1 profile is active: "dev"
2025-10-19 22:55:15.091 [main] INFO  o.s.d.r.config.RepositoryConfigurationDelegate - Multiple Spring Data modules found, entering strict repository configuration mode
2025-10-19 22:55:15.102 [main] INFO  o.s.d.r.config.RepositoryConfigurationDelegate - Bootstrapping Spring Data Redis repositories in DEFAULT mode.
2025-10-19 22:55:15.170 [main] INFO  o.s.d.r.config.RepositoryConfigurationDelegate - Finished Spring Data repository scanning in 22 ms. Found 0 Redis repository interfaces.
2025-10-19 22:55:15.491 [main] INFO  o.springframework.cloud.context.scope.GenericScope - BeanFactory id=0f2a53c6-8a15-3d8f-938d-2e0f35343880
2025-10-19 22:55:16.460 [main] INFO  o.s.boot.web.embedded.tomcat.TomcatWebServer - Tomcat initialized with port(s): 8080 (http)
2025-10-19 22:55:16.473 [main] INFO  org.apache.catalina.core.StandardService - Starting service [Tomcat]
2025-10-19 22:55:16.473 [main] INFO  org.apache.catalina.core.StandardEngine - Starting Servlet engine: [Apache Tomcat/10.1.5]
2025-10-19 22:55:16.589 [main] INFO  o.a.c.core.ContainerBase.[Tomcat].[localhost].[/] - Initializing Spring embedded WebApplicationContext
2025-10-19 22:55:16.589 [main] INFO  o.s.b.w.s.c.ServletWebServerApplicationContext - Root WebApplicationContext: initialization completed in 2705 ms
2025-10-19 22:55:16.749 [main] INFO  c.a.d.s.b.a.DruidDataSourceAutoConfigure - Init DruidDataSource
2025-10-19 22:55:17.387 [main] INFO  com.alibaba.druid.pool.DruidDataSource - {dataSource-1} inited
2025-10-19 22:55:22.223 [main] INFO  o.s.boot.web.embedded.tomcat.TomcatWebServer - Tomcat started on port(s): 8080 (http) with context path ''
2025-10-19 22:55:25.871 [main] INFO  c.l.xiaohongshu.auth.XiaohongshuAuthApplication - Started XiaohongshuAuthApplication in 35.968 seconds (process running for 38.178)
2025-10-19 22:55:25.872 [main] INFO  c.l.x.auth.runner.PushRolePermissions2RedisRunner - ==> 服务启动，开始同步角色权限数据到 Redis 中...
2025-10-19 22:55:29.477 [main] WARN  c.l.x.auth.runner.PushRolePermissions2RedisRunner - ==> 角色权限数据已经同步至 Redis 中，不再同步...
2025-10-19 22:55:29.485 [main] INFO  com.alibaba.nacos.client.config.impl.CacheData - nacos.cache.data.init.snapshot = true 
2025-10-19 22:55:29.486 [main] INFO  com.alibaba.nacos.client.config.impl.ClientWorker - [fixed-127.0.0.1_8848] [subscribe] xiaohongshu-auth.yaml+DEFAULT_GROUP
2025-10-19 22:55:29.504 [main] INFO  com.alibaba.nacos.client.config.impl.CacheData - [fixed-127.0.0.1_8848] [add-listener] ok, tenant=, dataId=xiaohongshu-auth.yaml, group=DEFAULT_GROUP, cnt=1
2025-10-19 22:55:29.505 [main] INFO  c.a.cloud.nacos.refresh.NacosContextRefresher - [Nacos Config] Listening config: dataId=xiaohongshu-auth.yaml, group=DEFAULT_GROUP
2025-10-19 22:55:29.506 [main] INFO  com.alibaba.nacos.client.config.impl.ClientWorker - [fixed-127.0.0.1_8848] [subscribe] xiaohongshu-auth-dev.yaml+DEFAULT_GROUP
2025-10-19 22:55:29.506 [main] INFO  com.alibaba.nacos.client.config.impl.CacheData - [fixed-127.0.0.1_8848] [add-listener] ok, tenant=, dataId=xiaohongshu-auth-dev.yaml, group=DEFAULT_GROUP, cnt=1
2025-10-19 22:55:29.507 [main] INFO  c.a.cloud.nacos.refresh.NacosContextRefresher - [Nacos Config] Listening config: dataId=xiaohongshu-auth-dev.yaml, group=DEFAULT_GROUP
2025-10-19 22:55:29.509 [main] INFO  com.alibaba.nacos.client.config.impl.ClientWorker - [fixed-127.0.0.1_8848] [subscribe] xiaohongshu-auth+DEFAULT_GROUP
2025-10-19 22:55:29.509 [main] INFO  com.alibaba.nacos.client.config.impl.CacheData - [fixed-127.0.0.1_8848] [add-listener] ok, tenant=, dataId=xiaohongshu-auth, group=DEFAULT_GROUP, cnt=1
2025-10-19 22:55:29.509 [main] INFO  c.a.cloud.nacos.refresh.NacosContextRefresher - [Nacos Config] Listening config: dataId=xiaohongshu-auth, group=DEFAULT_GROUP
2025-10-19 22:55:50.886 [http-nio-8080-exec-1] INFO  o.a.c.core.ContainerBase.[Tomcat].[localhost].[/] - Initializing Spring DispatcherServlet 'dispatcherServlet'
2025-10-19 22:55:50.887 [http-nio-8080-exec-1] INFO  org.springframework.web.servlet.DispatcherServlet - Initializing Servlet 'dispatcherServlet'
2025-10-19 22:55:50.889 [http-nio-8080-exec-1] INFO  org.springframework.web.servlet.DispatcherServlet - Completed initialization in 2 ms
2025-10-19 22:55:50.939 [http-nio-8080-exec-1] INFO  c.l.xiaohongshu.auth.alarm.impl.SmsAlarmHelper - ==> 【短信告警】: 系统出错啦, 栗赫岑这个月绩效没了, 速度上线解决问题!
2025-10-19 22:56:57.004 [nacos-grpc-client-executor-127.0.0.1-43] INFO  com.alibaba.nacos.common.remote.client - [0cd71fae-7e90-4798-a6c0-2197e813a156_config-0] Receive server push request, request = ConfigChangeNotifyRequest, requestId = 2
2025-10-19 22:56:57.004 [nacos-grpc-client-executor-127.0.0.1-43] INFO  com.alibaba.nacos.client.config.impl.ClientWorker - [0cd71fae-7e90-4798-a6c0-2197e813a156_config-0] [server-push] config changed. dataId=xiaohongshu-auth-dev.yaml, group=DEFAULT_GROUP,tenant=null
2025-10-19 22:56:57.005 [nacos-grpc-client-executor-127.0.0.1-43] INFO  com.alibaba.nacos.common.remote.client - [0cd71fae-7e90-4798-a6c0-2197e813a156_config-0] Ack server push request, request = ConfigChangeNotifyRequest, requestId = 2
2025-10-19 22:56:57.040 [com.alibaba.nacos.client.Worker] INFO  com.alibaba.nacos.client.config.impl.ClientWorker - [fixed-127.0.0.1_8848] [data-received] dataId=xiaohongshu-auth-dev.yaml, group=DEFAULT_GROUP, tenant=, md5=899486f895e48bce0455d430ff956b00, content=alarm:
  type: mail # 告警类型, type=yaml
2025-10-19 22:56:57.044 [com.alibaba.nacos.client.Worker] INFO  com.alibaba.nacos.client.config.impl.CacheData - [fixed-127.0.0.1_8848] [notify-listener] time cost=1ms in ClientWorker, dataId=xiaohongshu-auth-dev.yaml, group=DEFAULT_GROUP, md5=899486f895e48bce0455d430ff956b00, listener=com.alibaba.cloud.nacos.refresh.NacosContextRefresher$1@7e08e708 
2025-10-19 22:56:57.044 [nacos.client.cachedata.internal.notifier] INFO  com.alibaba.nacos.client.config.impl.CacheData - [fixed-127.0.0.1_8848] [notify-context] dataId=xiaohongshu-auth-dev.yaml, group=DEFAULT_GROUP, md5=899486f895e48bce0455d430ff956b00
2025-10-19 22:57:02.059 [com.alibaba.nacos.client.Worker] WARN  com.alibaba.nacos.client.config.impl.CacheData - [fixed-127.0.0.1_8848] [notify-currentSkip] dataId=xiaohongshu-auth-dev.yaml, group=DEFAULT_GROUP, md5=899486f895e48bce0455d430ff956b00, listener=com.alibaba.cloud.nacos.refresh.NacosContextRefresher$1@7e08e708, listener is not finish yet,will try next time.
2025-10-19 22:57:03.130 [nacos.client.cachedata.internal.notifier] WARN  com.alibaba.nacos.client.logging.NacosLogging - Load Logback Configuration of Nacos fail, message: Could not initialize Logback Nacos logging from classpath:nacos-logback.xml
2025-10-19 22:57:03.136 [nacos.client.cachedata.internal.notifier] WARN  com.alibaba.nacos.client.logging.NacosLogging - Load Logback Configuration of Nacos fail, message: Could not initialize Logback Nacos logging from classpath:nacos-logback.xml
2025-10-19 22:57:03.167 [nacos.client.cachedata.internal.notifier] WARN  com.alibaba.nacos.client.logging.NacosLogging - Load Logback Configuration of Nacos fail, message: Could not initialize Logback Nacos logging from classpath:nacos-logback.xml
2025-10-19 22:57:03.191 [nacos.client.cachedata.internal.notifier] WARN  c.a.cloud.nacos.client.NacosPropertySourceBuilder - Ignore the empty nacos configuration and get it based on dataId[xiaohongshu-auth.yaml] & group[DEFAULT_GROUP]
2025-10-19 22:57:03.202 [nacos.client.cachedata.internal.notifier] INFO  o.s.c.b.c.PropertySourceBootstrapConfiguration - Located property source: [BootstrapPropertySource {name='bootstrapProperties-xiaohongshu-auth-dev.yaml,DEFAULT_GROUP'}, BootstrapPropertySource {name='bootstrapProperties-xiaohongshu-auth.yaml,DEFAULT_GROUP'}, BootstrapPropertySource {name='bootstrapProperties-xiaohongshu-auth,DEFAULT_GROUP'}]
2025-10-19 22:57:03.205 [nacos.client.cachedata.internal.notifier] WARN  com.alibaba.nacos.client.logging.NacosLogging - Load Logback Configuration of Nacos fail, message: Could not initialize Logback Nacos logging from classpath:nacos-logback.xml
2025-10-19 22:57:03.205 [nacos.client.cachedata.internal.notifier] INFO  org.springframework.boot.SpringApplication - The following 1 profile is active: "dev"
2025-10-19 22:57:03.211 [nacos.client.cachedata.internal.notifier] INFO  org.springframework.boot.SpringApplication - Started application in 6.156 seconds (process running for 135.518)
2025-10-19 22:57:03.263 [nacos.client.cachedata.internal.notifier] INFO  com.alibaba.druid.pool.DruidDataSource - {dataSource-1} closing ...
2025-10-19 22:57:03.275 [nacos.client.cachedata.internal.notifier] INFO  com.alibaba.druid.pool.DruidDataSource - {dataSource-1} closed
2025-10-19 22:57:03.294 [http-nio-8080-exec-6] INFO  c.l.xiaohongshu.auth.alarm.impl.SmsAlarmHelper - ==> 【短信告警】: 系统出错啦, 栗赫岑这个月绩效没了, 速度上线解决问题!
2025-10-19 22:57:03.337 [nacos.client.cachedata.internal.notifier] INFO  o.s.cloud.endpoint.event.RefreshEventListener - Refresh keys changed: [alarm.type]
2025-10-19 22:57:03.338 [nacos.client.cachedata.internal.notifier] INFO  com.alibaba.nacos.client.config.impl.CacheData - [fixed-127.0.0.1_8848] [notify-ok] dataId=xiaohongshu-auth-dev.yaml, group=DEFAULT_GROUP, md5=899486f895e48bce0455d430ff956b00, listener=com.alibaba.cloud.nacos.refresh.NacosContextRefresher$1@7e08e708 ,cost=6294 millis.
2025-10-19 22:57:18.246 [Thread-2] WARN  c.alibaba.nacos.common.http.HttpClientBeanHolder - [HttpClientBeanHolder] Start destroying common HttpClient
2025-10-19 22:57:18.246 [Thread-10] WARN  com.alibaba.nacos.common.notify.NotifyCenter - [NotifyCenter] Start destroying Publisher
2025-10-19 22:57:18.247 [Thread-10] WARN  com.alibaba.nacos.common.notify.NotifyCenter - [NotifyCenter] Destruction of the end
2025-10-19 22:57:18.248 [Thread-2] WARN  c.alibaba.nacos.common.http.HttpClientBeanHolder - [HttpClientBeanHolder] Destruction of the end
2025-10-19 22:57:18.528 [SpringApplicationShutdownHook] INFO  com.alibaba.druid.pool.DruidDataSource - {dataSource-1} closing ...
2025-10-19 22:57:31.800 [main] WARN  com.alibaba.nacos.client.logging.NacosLogging - Load Logback Configuration of Nacos fail, message: Could not initialize Logback Nacos logging from classpath:nacos-logback.xml
2025-10-19 22:57:31.886 [main] WARN  com.alibaba.nacos.client.logging.NacosLogging - Load Logback Configuration of Nacos fail, message: Could not initialize Logback Nacos logging from classpath:nacos-logback.xml
2025-10-19 22:57:32.183 [main] INFO  com.alibaba.cloud.nacos.NacosConfigProperties - set nacos config namespace 'public' to ''
2025-10-19 22:57:32.188 [main] WARN  com.alibaba.nacos.client.logging.NacosLogging - Load Logback Configuration of Nacos fail, message: Could not initialize Logback Nacos logging from classpath:nacos-logback.xml
2025-10-19 22:57:32.190 [main] INFO  com.alibaba.nacos.client.utils.ParamUtil - [settings] [req-serv] nacos-server port:8848
2025-10-19 22:57:32.190 [main] INFO  com.alibaba.nacos.client.utils.ParamUtil - [settings] [http-client] connect timeout:1000
2025-10-19 22:57:32.192 [main] INFO  com.alibaba.nacos.client.utils.ParamUtil - PER_TASK_CONFIG_SIZE: 3000.0
2025-10-19 22:57:32.239 [main] INFO  c.a.n.p.auth.spi.client.ClientAuthPluginManager - [ClientAuthPluginManager] Load ClientAuthService com.alibaba.nacos.client.auth.impl.NacosClientAuthServiceImpl success.
2025-10-19 22:57:32.239 [main] INFO  c.a.n.p.auth.spi.client.ClientAuthPluginManager - [ClientAuthPluginManager] Load ClientAuthService com.alibaba.nacos.client.auth.ram.RamClientAuthServiceImpl success.
2025-10-19 22:57:32.243 [main] INFO  c.a.n.client.auth.ram.identify.CredentialWatcher - null No credential found
2025-10-19 22:57:36.727 [main] WARN  com.alibaba.nacos.client.logging.NacosLogging - Load Logback Configuration of Nacos fail, message: Could not initialize Logback Nacos logging from classpath:nacos-logback.xml
2025-10-19 22:57:36.747 [main] INFO  c.a.n.client.config.impl.LocalConfigInfoProcessor - LOCAL_SNAPSHOT_PATH:C:\Users\15-bp102TX\nacos\config
2025-10-19 22:57:36.753 [main] INFO  com.alibaba.nacos.common.remote.client - [RpcClientFactory] create a new rpc client of 311d31ed-bcfe-4e9c-a875-e1812d4e4514_config-0
2025-10-19 22:57:36.798 [main] INFO  com.alibaba.nacos.common.remote.client - [311d31ed-bcfe-4e9c-a875-e1812d4e4514_config-0] Register server push request handler:com.alibaba.nacos.client.config.impl.ClientWorker$ConfigRpcTransportClient$$Lambda$572/0x000001fb81365418
2025-10-19 22:57:36.798 [main] INFO  com.alibaba.nacos.common.remote.client - [311d31ed-bcfe-4e9c-a875-e1812d4e4514_config-0] Register server push request handler:com.alibaba.nacos.client.config.impl.ClientWorker$ConfigRpcTransportClient$$Lambda$573/0x000001fb81365838
2025-10-19 22:57:36.799 [main] INFO  com.alibaba.nacos.common.remote.client - [311d31ed-bcfe-4e9c-a875-e1812d4e4514_config-0] Registry connection listener to current client:com.alibaba.nacos.client.config.impl.ClientWorker$ConfigRpcTransportClient$1
2025-10-19 22:57:36.800 [main] INFO  com.alibaba.nacos.common.remote.client - [311d31ed-bcfe-4e9c-a875-e1812d4e4514_config-0] RpcClient init, ServerListFactory = com.alibaba.nacos.client.config.impl.ClientWorker$ConfigRpcTransportClient$2
2025-10-19 22:57:36.815 [main] INFO  com.alibaba.nacos.common.remote.client - [311d31ed-bcfe-4e9c-a875-e1812d4e4514_config-0] Try to connect to server on start up, server: {serverIp = '127.0.0.1', server main port = 8848}
2025-10-19 22:57:36.880 [main] INFO  c.a.nacos.common.remote.client.grpc.GrpcClient - grpc client connection server:127.0.0.1 ip,serverPort:9848,grpcTslConfig:{"sslProvider":"OPENSSL","enableTls":false,"mutualAuthEnable":false,"trustAll":false}
2025-10-19 22:57:43.863 [main] INFO  com.alibaba.nacos.common.remote.client - [311d31ed-bcfe-4e9c-a875-e1812d4e4514_config-0] Success to connect to server [127.0.0.1:8848] on start up, connectionId = 1760885863615_127.0.0.1_59311
2025-10-19 22:57:43.864 [com.alibaba.nacos.client.remote.worker] INFO  com.alibaba.nacos.common.remote.client - [311d31ed-bcfe-4e9c-a875-e1812d4e4514_config-0] Notify connected event to listeners.
2025-10-19 22:57:43.864 [com.alibaba.nacos.client.remote.worker] INFO  com.alibaba.nacos.client.config.impl.ClientWorker - [311d31ed-bcfe-4e9c-a875-e1812d4e4514_config-0] Connected,notify listen context...
2025-10-19 22:57:43.864 [main] INFO  com.alibaba.nacos.common.remote.client - [311d31ed-bcfe-4e9c-a875-e1812d4e4514_config-0] Register server push request handler:com.alibaba.nacos.common.remote.client.RpcClient$ConnectResetRequestHandler
2025-10-19 22:57:43.865 [main] INFO  com.alibaba.nacos.common.remote.client - [311d31ed-bcfe-4e9c-a875-e1812d4e4514_config-0] Register server push request handler:com.alibaba.nacos.common.remote.client.RpcClient$$Lambda$593/0x000001fb814b58a8
2025-10-19 22:57:43.945 [main] INFO  com.alibaba.nacos.client.config.impl.Limiter - limitTime:5.0
2025-10-19 22:57:43.968 [main] INFO  com.alibaba.nacos.client.config.utils.JvmUtil - isMultiInstance:false
2025-10-19 22:57:43.988 [main] WARN  c.a.cloud.nacos.client.NacosPropertySourceBuilder - Ignore the empty nacos configuration and get it based on dataId[xiaohongshu-auth.yaml] & group[DEFAULT_GROUP]
2025-10-19 22:57:44.002 [main] INFO  o.s.c.b.c.PropertySourceBootstrapConfiguration - Located property source: [BootstrapPropertySource {name='bootstrapProperties-xiaohongshu-auth-dev.yaml,DEFAULT_GROUP'}, BootstrapPropertySource {name='bootstrapProperties-xiaohongshu-auth.yaml,DEFAULT_GROUP'}, BootstrapPropertySource {name='bootstrapProperties-xiaohongshu-auth,DEFAULT_GROUP'}]
2025-10-19 22:57:44.036 [main] WARN  com.alibaba.nacos.client.logging.NacosLogging - Load Logback Configuration of Nacos fail, message: Could not initialize Logback Nacos logging from classpath:nacos-logback.xml
2025-10-19 22:57:44.037 [main] INFO  c.l.xiaohongshu.auth.XiaohongshuAuthApplication - The following 1 profile is active: "dev"
2025-10-19 22:57:44.936 [main] INFO  o.s.d.r.config.RepositoryConfigurationDelegate - Multiple Spring Data modules found, entering strict repository configuration mode
2025-10-19 22:57:44.940 [main] INFO  o.s.d.r.config.RepositoryConfigurationDelegate - Bootstrapping Spring Data Redis repositories in DEFAULT mode.
2025-10-19 22:57:44.972 [main] INFO  o.s.d.r.config.RepositoryConfigurationDelegate - Finished Spring Data repository scanning in 13 ms. Found 0 Redis repository interfaces.
2025-10-19 22:57:45.180 [main] INFO  o.springframework.cloud.context.scope.GenericScope - BeanFactory id=0f2a53c6-8a15-3d8f-938d-2e0f35343880
2025-10-19 22:57:47.793 [main] INFO  o.s.boot.web.embedded.tomcat.TomcatWebServer - Tomcat initialized with port(s): 8080 (http)
2025-10-19 22:57:47.820 [main] INFO  org.apache.catalina.core.StandardService - Starting service [Tomcat]
2025-10-19 22:57:47.821 [main] INFO  org.apache.catalina.core.StandardEngine - Starting Servlet engine: [Apache Tomcat/10.1.5]
2025-10-19 22:57:48.100 [main] INFO  o.a.c.core.ContainerBase.[Tomcat].[localhost].[/] - Initializing Spring embedded WebApplicationContext
2025-10-19 22:57:48.101 [main] INFO  o.s.b.w.s.c.ServletWebServerApplicationContext - Root WebApplicationContext: initialization completed in 4042 ms
2025-10-19 22:57:48.367 [main] INFO  c.a.d.s.b.a.DruidDataSourceAutoConfigure - Init DruidDataSource
2025-10-19 22:57:49.391 [main] INFO  com.alibaba.druid.pool.DruidDataSource - {dataSource-1} inited
2025-10-19 22:57:56.355 [main] INFO  o.s.boot.web.embedded.tomcat.TomcatWebServer - Tomcat started on port(s): 8080 (http) with context path ''
2025-10-19 22:58:03.114 [main] INFO  c.l.xiaohongshu.auth.XiaohongshuAuthApplication - Started XiaohongshuAuthApplication in 35.49 seconds (process running for 36.852)
2025-10-19 22:58:03.116 [main] INFO  c.l.x.auth.runner.PushRolePermissions2RedisRunner - ==> 服务启动，开始同步角色权限数据到 Redis 中...
2025-10-19 22:58:08.667 [main] WARN  c.l.x.auth.runner.PushRolePermissions2RedisRunner - ==> 角色权限数据已经同步至 Redis 中，不再同步...
2025-10-19 22:58:08.672 [main] INFO  com.alibaba.nacos.client.config.impl.CacheData - nacos.cache.data.init.snapshot = true 
2025-10-19 22:58:08.673 [main] INFO  com.alibaba.nacos.client.config.impl.ClientWorker - [fixed-127.0.0.1_8848] [subscribe] xiaohongshu-auth.yaml+DEFAULT_GROUP
2025-10-19 22:58:08.690 [main] INFO  com.alibaba.nacos.client.config.impl.CacheData - [fixed-127.0.0.1_8848] [add-listener] ok, tenant=, dataId=xiaohongshu-auth.yaml, group=DEFAULT_GROUP, cnt=1
2025-10-19 22:58:08.690 [main] INFO  c.a.cloud.nacos.refresh.NacosContextRefresher - [Nacos Config] Listening config: dataId=xiaohongshu-auth.yaml, group=DEFAULT_GROUP
2025-10-19 22:58:08.693 [main] INFO  com.alibaba.nacos.client.config.impl.ClientWorker - [fixed-127.0.0.1_8848] [subscribe] xiaohongshu-auth-dev.yaml+DEFAULT_GROUP
2025-10-19 22:58:08.693 [main] INFO  com.alibaba.nacos.client.config.impl.CacheData - [fixed-127.0.0.1_8848] [add-listener] ok, tenant=, dataId=xiaohongshu-auth-dev.yaml, group=DEFAULT_GROUP, cnt=1
2025-10-19 22:58:08.693 [main] INFO  c.a.cloud.nacos.refresh.NacosContextRefresher - [Nacos Config] Listening config: dataId=xiaohongshu-auth-dev.yaml, group=DEFAULT_GROUP
2025-10-19 22:58:08.695 [main] INFO  com.alibaba.nacos.client.config.impl.ClientWorker - [fixed-127.0.0.1_8848] [subscribe] xiaohongshu-auth+DEFAULT_GROUP
2025-10-19 22:58:08.696 [main] INFO  com.alibaba.nacos.client.config.impl.CacheData - [fixed-127.0.0.1_8848] [add-listener] ok, tenant=, dataId=xiaohongshu-auth, group=DEFAULT_GROUP, cnt=1
2025-10-19 22:58:08.696 [main] INFO  c.a.cloud.nacos.refresh.NacosContextRefresher - [Nacos Config] Listening config: dataId=xiaohongshu-auth, group=DEFAULT_GROUP
2025-10-19 22:58:23.080 [http-nio-8080-exec-1] INFO  o.a.c.core.ContainerBase.[Tomcat].[localhost].[/] - Initializing Spring DispatcherServlet 'dispatcherServlet'
2025-10-19 22:58:23.080 [http-nio-8080-exec-1] INFO  org.springframework.web.servlet.DispatcherServlet - Initializing Servlet 'dispatcherServlet'
2025-10-19 22:58:23.082 [http-nio-8080-exec-1] INFO  org.springframework.web.servlet.DispatcherServlet - Completed initialization in 2 ms
2025-10-19 22:58:23.145 [http-nio-8080-exec-1] INFO  c.l.xiaohongshu.auth.alarm.impl.MailAlarmHelper - ==> 【邮件告警】: 系统出错啦, 栗赫岑这个月绩效没了, 速度上线解决问题!
2025-10-19 22:59:23.578 [Thread-2] WARN  c.alibaba.nacos.common.http.HttpClientBeanHolder - [HttpClientBeanHolder] Start destroying common HttpClient
2025-10-19 22:59:23.578 [Thread-9] WARN  com.alibaba.nacos.common.notify.NotifyCenter - [NotifyCenter] Start destroying Publisher
2025-10-19 22:59:23.579 [Thread-9] WARN  com.alibaba.nacos.common.notify.NotifyCenter - [NotifyCenter] Destruction of the end
2025-10-19 22:59:23.580 [Thread-2] WARN  c.alibaba.nacos.common.http.HttpClientBeanHolder - [HttpClientBeanHolder] Destruction of the end
2025-10-19 22:59:23.928 [SpringApplicationShutdownHook] INFO  com.alibaba.druid.pool.DruidDataSource - {dataSource-1} closing ...
2025-10-19 22:59:23.951 [SpringApplicationShutdownHook] INFO  com.alibaba.druid.pool.DruidDataSource - {dataSource-1} closed
2025-10-19 23:05:30.268 [main] WARN  com.alibaba.nacos.client.logging.NacosLogging - Load Logback Configuration of Nacos fail, message: Could not initialize Logback Nacos logging from classpath:nacos-logback.xml
2025-10-19 23:05:30.523 [main] WARN  com.alibaba.nacos.client.logging.NacosLogging - Load Logback Configuration of Nacos fail, message: Could not initialize Logback Nacos logging from classpath:nacos-logback.xml
2025-10-19 23:05:30.951 [main] INFO  com.alibaba.cloud.nacos.NacosConfigProperties - set nacos config namespace 'public' to ''
2025-10-19 23:05:30.960 [main] WARN  com.alibaba.nacos.client.logging.NacosLogging - Load Logback Configuration of Nacos fail, message: Could not initialize Logback Nacos logging from classpath:nacos-logback.xml
2025-10-19 23:05:30.964 [main] INFO  com.alibaba.nacos.client.utils.ParamUtil - [settings] [req-serv] nacos-server port:8848
2025-10-19 23:05:30.964 [main] INFO  com.alibaba.nacos.client.utils.ParamUtil - [settings] [http-client] connect timeout:1000
2025-10-19 23:05:30.966 [main] INFO  com.alibaba.nacos.client.utils.ParamUtil - PER_TASK_CONFIG_SIZE: 3000.0
2025-10-19 23:05:31.045 [main] INFO  c.a.n.p.auth.spi.client.ClientAuthPluginManager - [ClientAuthPluginManager] Load ClientAuthService com.alibaba.nacos.client.auth.impl.NacosClientAuthServiceImpl success.
2025-10-19 23:05:31.046 [main] INFO  c.a.n.p.auth.spi.client.ClientAuthPluginManager - [ClientAuthPluginManager] Load ClientAuthService com.alibaba.nacos.client.auth.ram.RamClientAuthServiceImpl success.
2025-10-19 23:05:31.053 [main] INFO  c.a.n.client.auth.ram.identify.CredentialWatcher - null No credential found
2025-10-19 23:05:38.531 [main] WARN  com.alibaba.nacos.client.logging.NacosLogging - Load Logback Configuration of Nacos fail, message: Could not initialize Logback Nacos logging from classpath:nacos-logback.xml
2025-10-19 23:05:38.557 [main] INFO  c.a.n.client.config.impl.LocalConfigInfoProcessor - LOCAL_SNAPSHOT_PATH:C:\Users\15-bp102TX\nacos\config
2025-10-19 23:05:38.566 [main] INFO  com.alibaba.nacos.common.remote.client - [RpcClientFactory] create a new rpc client of 5edd56fd-dc63-44a8-9dc9-bf3c53218745_config-0
2025-10-19 23:05:38.609 [main] INFO  com.alibaba.nacos.common.remote.client - [5edd56fd-dc63-44a8-9dc9-bf3c53218745_config-0] Register server push request handler:com.alibaba.nacos.client.config.impl.ClientWorker$ConfigRpcTransportClient$$Lambda$584/0x000002771838fc18
2025-10-19 23:05:38.609 [main] INFO  com.alibaba.nacos.common.remote.client - [5edd56fd-dc63-44a8-9dc9-bf3c53218745_config-0] Register server push request handler:com.alibaba.nacos.client.config.impl.ClientWorker$ConfigRpcTransportClient$$Lambda$585/0x0000027718390200
2025-10-19 23:05:38.610 [main] INFO  com.alibaba.nacos.common.remote.client - [5edd56fd-dc63-44a8-9dc9-bf3c53218745_config-0] Registry connection listener to current client:com.alibaba.nacos.client.config.impl.ClientWorker$ConfigRpcTransportClient$1
2025-10-19 23:05:38.611 [main] INFO  com.alibaba.nacos.common.remote.client - [5edd56fd-dc63-44a8-9dc9-bf3c53218745_config-0] RpcClient init, ServerListFactory = com.alibaba.nacos.client.config.impl.ClientWorker$ConfigRpcTransportClient$2
2025-10-19 23:05:38.628 [main] INFO  com.alibaba.nacos.common.remote.client - [5edd56fd-dc63-44a8-9dc9-bf3c53218745_config-0] Try to connect to server on start up, server: {serverIp = '127.0.0.1', server main port = 8848}
2025-10-19 23:05:38.705 [main] INFO  c.a.nacos.common.remote.client.grpc.GrpcClient - grpc client connection server:127.0.0.1 ip,serverPort:9848,grpcTslConfig:{"sslProvider":"OPENSSL","enableTls":false,"mutualAuthEnable":false,"trustAll":false}
2025-10-19 23:05:49.160 [main] ERROR c.a.nacos.common.remote.client.grpc.GrpcClient - Server check fail, please check server 127.0.0.1 ,port 9848 is available , error ={}
java.util.concurrent.TimeoutException: Waited 3000 milliseconds (plus 12 milliseconds, 905500 nanoseconds delay) for com.alibaba.nacos.shaded.io.grpc.stub.ClientCalls$GrpcFuture@3a790e40[status=PENDING, info=[GrpcFuture{clientCall=PendingCall{realCall=ClientCallImpl{method=MethodDescriptor{fullMethodName=Request/request, type=UNARY, idempotent=false, safe=false, sampledToLocalTracing=true, requestMarshaller=com.alibaba.nacos.shaded.io.grpc.protobuf.lite.ProtoLiteUtils$MessageMarshaller@43acd79e, responseMarshaller=com.alibaba.nacos.shaded.io.grpc.protobuf.lite.ProtoLiteUtils$MessageMarshaller@1e1b061, schemaDescriptor=com.alibaba.nacos.api.grpc.auto.RequestGrpc$RequestMethodDescriptorSupplier@38f77cd9}}}}]]
	at com.alibaba.nacos.shaded.com.google.common.util.concurrent.AbstractFuture.get(AbstractFuture.java:508)
	at com.alibaba.nacos.common.remote.client.grpc.GrpcClient.serverCheck(GrpcClient.java:218)
	at com.alibaba.nacos.common.remote.client.grpc.GrpcClient.connectToServer(GrpcClient.java:329)
	at com.alibaba.nacos.common.remote.client.RpcClient.start(RpcClient.java:363)
	at com.alibaba.nacos.client.config.impl.ClientWorker$ConfigRpcTransportClient.ensureRpcClient(ClientWorker.java:891)
	at com.alibaba.nacos.client.config.impl.ClientWorker$ConfigRpcTransportClient.getOneRunningClient(ClientWorker.java:1038)
	at com.alibaba.nacos.client.config.impl.ClientWorker$ConfigRpcTransportClient.queryConfig(ClientWorker.java:946)
	at com.alibaba.nacos.client.config.impl.ClientWorker.getServerConfig(ClientWorker.java:403)
	at com.alibaba.nacos.client.config.NacosConfigService.getConfigInner(NacosConfigService.java:184)
	at com.alibaba.nacos.client.config.NacosConfigService.getConfig(NacosConfigService.java:96)
	at com.alibaba.cloud.nacos.client.NacosPropertySourceBuilder.loadNacosData(NacosPropertySourceBuilder.java:85)
	at com.alibaba.cloud.nacos.client.NacosPropertySourceBuilder.build(NacosPropertySourceBuilder.java:73)
	at com.alibaba.cloud.nacos.client.NacosPropertySourceLocator.loadNacosPropertySource(NacosPropertySourceLocator.java:199)
	at com.alibaba.cloud.nacos.client.NacosPropertySourceLocator.loadNacosDataIfPresent(NacosPropertySourceLocator.java:186)
	at com.alibaba.cloud.nacos.client.NacosPropertySourceLocator.loadApplicationConfiguration(NacosPropertySourceLocator.java:141)
	at com.alibaba.cloud.nacos.client.NacosPropertySourceLocator.locate(NacosPropertySourceLocator.java:103)
	at org.springframework.cloud.bootstrap.config.PropertySourceLocator.locateCollection(PropertySourceLocator.java:50)
	at org.springframework.cloud.bootstrap.config.PropertySourceLocator.locateCollection(PropertySourceLocator.java:46)
	at org.springframework.cloud.bootstrap.config.PropertySourceBootstrapConfiguration.initialize(PropertySourceBootstrapConfiguration.java:95)
	at org.springframework.boot.SpringApplication.applyInitializers(SpringApplication.java:603)
	at org.springframework.boot.SpringApplication.prepareContext(SpringApplication.java:383)
	at org.springframework.boot.SpringApplication.run(SpringApplication.java:307)
	at org.springframework.boot.SpringApplication.run(SpringApplication.java:1302)
	at org.springframework.boot.SpringApplication.run(SpringApplication.java:1291)
	at com.lihecen.xiaohongshu.auth.XiaohongshuAuthApplication.main(XiaohongshuAuthApplication.java:11)
2025-10-19 23:05:49.174 [main] INFO  com.alibaba.nacos.common.remote.client - [5edd56fd-dc63-44a8-9dc9-bf3c53218745_config-0] Try to connect to server on start up, server: {serverIp = '127.0.0.1', server main port = 8848}
2025-10-19 23:05:49.176 [main] INFO  c.a.nacos.common.remote.client.grpc.GrpcClient - grpc client connection server:127.0.0.1 ip,serverPort:9848,grpcTslConfig:{"sslProvider":"OPENSSL","enableTls":false,"mutualAuthEnable":false,"trustAll":false}
2025-10-19 23:05:52.191 [main] ERROR c.a.nacos.common.remote.client.grpc.GrpcClient - Server check fail, please check server 127.0.0.1 ,port 9848 is available , error ={}
java.util.concurrent.TimeoutException: Waited 3000 milliseconds (plus 11 milliseconds, 207200 nanoseconds delay) for com.alibaba.nacos.shaded.io.grpc.stub.ClientCalls$GrpcFuture@56b859a6[status=PENDING, info=[GrpcFuture{clientCall=PendingCall{realCall=ClientCallImpl{method=MethodDescriptor{fullMethodName=Request/request, type=UNARY, idempotent=false, safe=false, sampledToLocalTracing=true, requestMarshaller=com.alibaba.nacos.shaded.io.grpc.protobuf.lite.ProtoLiteUtils$MessageMarshaller@43acd79e, responseMarshaller=com.alibaba.nacos.shaded.io.grpc.protobuf.lite.ProtoLiteUtils$MessageMarshaller@1e1b061, schemaDescriptor=com.alibaba.nacos.api.grpc.auto.RequestGrpc$RequestMethodDescriptorSupplier@38f77cd9}}}}]]
	at com.alibaba.nacos.shaded.com.google.common.util.concurrent.AbstractFuture.get(AbstractFuture.java:508)
	at com.alibaba.nacos.common.remote.client.grpc.GrpcClient.serverCheck(GrpcClient.java:218)
	at com.alibaba.nacos.common.remote.client.grpc.GrpcClient.connectToServer(GrpcClient.java:329)
	at com.alibaba.nacos.common.remote.client.RpcClient.start(RpcClient.java:363)
	at com.alibaba.nacos.client.config.impl.ClientWorker$ConfigRpcTransportClient.ensureRpcClient(ClientWorker.java:891)
	at com.alibaba.nacos.client.config.impl.ClientWorker$ConfigRpcTransportClient.getOneRunningClient(ClientWorker.java:1038)
	at com.alibaba.nacos.client.config.impl.ClientWorker$ConfigRpcTransportClient.queryConfig(ClientWorker.java:946)
	at com.alibaba.nacos.client.config.impl.ClientWorker.getServerConfig(ClientWorker.java:403)
	at com.alibaba.nacos.client.config.NacosConfigService.getConfigInner(NacosConfigService.java:184)
	at com.alibaba.nacos.client.config.NacosConfigService.getConfig(NacosConfigService.java:96)
	at com.alibaba.cloud.nacos.client.NacosPropertySourceBuilder.loadNacosData(NacosPropertySourceBuilder.java:85)
	at com.alibaba.cloud.nacos.client.NacosPropertySourceBuilder.build(NacosPropertySourceBuilder.java:73)
	at com.alibaba.cloud.nacos.client.NacosPropertySourceLocator.loadNacosPropertySource(NacosPropertySourceLocator.java:199)
	at com.alibaba.cloud.nacos.client.NacosPropertySourceLocator.loadNacosDataIfPresent(NacosPropertySourceLocator.java:186)
	at com.alibaba.cloud.nacos.client.NacosPropertySourceLocator.loadApplicationConfiguration(NacosPropertySourceLocator.java:141)
	at com.alibaba.cloud.nacos.client.NacosPropertySourceLocator.locate(NacosPropertySourceLocator.java:103)
	at org.springframework.cloud.bootstrap.config.PropertySourceLocator.locateCollection(PropertySourceLocator.java:50)
	at org.springframework.cloud.bootstrap.config.PropertySourceLocator.locateCollection(PropertySourceLocator.java:46)
	at org.springframework.cloud.bootstrap.config.PropertySourceBootstrapConfiguration.initialize(PropertySourceBootstrapConfiguration.java:95)
	at org.springframework.boot.SpringApplication.applyInitializers(SpringApplication.java:603)
	at org.springframework.boot.SpringApplication.prepareContext(SpringApplication.java:383)
	at org.springframework.boot.SpringApplication.run(SpringApplication.java:307)
	at org.springframework.boot.SpringApplication.run(SpringApplication.java:1302)
	at org.springframework.boot.SpringApplication.run(SpringApplication.java:1291)
	at com.lihecen.xiaohongshu.auth.XiaohongshuAuthApplication.main(XiaohongshuAuthApplication.java:11)
2025-10-19 23:05:52.195 [main] INFO  com.alibaba.nacos.common.remote.client - [5edd56fd-dc63-44a8-9dc9-bf3c53218745_config-0] Try to connect to server on start up, server: {serverIp = '127.0.0.1', server main port = 8848}
2025-10-19 23:05:52.196 [main] INFO  c.a.nacos.common.remote.client.grpc.GrpcClient - grpc client connection server:127.0.0.1 ip,serverPort:9848,grpcTslConfig:{"sslProvider":"OPENSSL","enableTls":false,"mutualAuthEnable":false,"trustAll":false}
2025-10-19 23:05:55.212 [main] ERROR c.a.nacos.common.remote.client.grpc.GrpcClient - Server check fail, please check server 127.0.0.1 ,port 9848 is available , error ={}
java.util.concurrent.TimeoutException: Waited 3000 milliseconds (plus 7 milliseconds, 68200 nanoseconds delay) for com.alibaba.nacos.shaded.io.grpc.stub.ClientCalls$GrpcFuture@516462cc[status=PENDING, info=[GrpcFuture{clientCall=PendingCall{realCall=ClientCallImpl{method=MethodDescriptor{fullMethodName=Request/request, type=UNARY, idempotent=false, safe=false, sampledToLocalTracing=true, requestMarshaller=com.alibaba.nacos.shaded.io.grpc.protobuf.lite.ProtoLiteUtils$MessageMarshaller@43acd79e, responseMarshaller=com.alibaba.nacos.shaded.io.grpc.protobuf.lite.ProtoLiteUtils$MessageMarshaller@1e1b061, schemaDescriptor=com.alibaba.nacos.api.grpc.auto.RequestGrpc$RequestMethodDescriptorSupplier@38f77cd9}}}}]]
	at com.alibaba.nacos.shaded.com.google.common.util.concurrent.AbstractFuture.get(AbstractFuture.java:508)
	at com.alibaba.nacos.common.remote.client.grpc.GrpcClient.serverCheck(GrpcClient.java:218)
	at com.alibaba.nacos.common.remote.client.grpc.GrpcClient.connectToServer(GrpcClient.java:329)
	at com.alibaba.nacos.common.remote.client.RpcClient.start(RpcClient.java:363)
	at com.alibaba.nacos.client.config.impl.ClientWorker$ConfigRpcTransportClient.ensureRpcClient(ClientWorker.java:891)
	at com.alibaba.nacos.client.config.impl.ClientWorker$ConfigRpcTransportClient.getOneRunningClient(ClientWorker.java:1038)
	at com.alibaba.nacos.client.config.impl.ClientWorker$ConfigRpcTransportClient.queryConfig(ClientWorker.java:946)
	at com.alibaba.nacos.client.config.impl.ClientWorker.getServerConfig(ClientWorker.java:403)
	at com.alibaba.nacos.client.config.NacosConfigService.getConfigInner(NacosConfigService.java:184)
	at com.alibaba.nacos.client.config.NacosConfigService.getConfig(NacosConfigService.java:96)
	at com.alibaba.cloud.nacos.client.NacosPropertySourceBuilder.loadNacosData(NacosPropertySourceBuilder.java:85)
	at com.alibaba.cloud.nacos.client.NacosPropertySourceBuilder.build(NacosPropertySourceBuilder.java:73)
	at com.alibaba.cloud.nacos.client.NacosPropertySourceLocator.loadNacosPropertySource(NacosPropertySourceLocator.java:199)
	at com.alibaba.cloud.nacos.client.NacosPropertySourceLocator.loadNacosDataIfPresent(NacosPropertySourceLocator.java:186)
	at com.alibaba.cloud.nacos.client.NacosPropertySourceLocator.loadApplicationConfiguration(NacosPropertySourceLocator.java:141)
	at com.alibaba.cloud.nacos.client.NacosPropertySourceLocator.locate(NacosPropertySourceLocator.java:103)
	at org.springframework.cloud.bootstrap.config.PropertySourceLocator.locateCollection(PropertySourceLocator.java:50)
	at org.springframework.cloud.bootstrap.config.PropertySourceLocator.locateCollection(PropertySourceLocator.java:46)
	at org.springframework.cloud.bootstrap.config.PropertySourceBootstrapConfiguration.initialize(PropertySourceBootstrapConfiguration.java:95)
	at org.springframework.boot.SpringApplication.applyInitializers(SpringApplication.java:603)
	at org.springframework.boot.SpringApplication.prepareContext(SpringApplication.java:383)
	at org.springframework.boot.SpringApplication.run(SpringApplication.java:307)
	at org.springframework.boot.SpringApplication.run(SpringApplication.java:1302)
	at org.springframework.boot.SpringApplication.run(SpringApplication.java:1291)
	at com.lihecen.xiaohongshu.auth.XiaohongshuAuthApplication.main(XiaohongshuAuthApplication.java:11)
2025-10-19 23:05:55.220 [com.alibaba.nacos.client.remote.worker] INFO  com.alibaba.nacos.common.remote.client - [5edd56fd-dc63-44a8-9dc9-bf3c53218745_config-0] Try to reconnect to a new server, server is  not appointed, will choose a random server.
2025-10-19 23:05:55.222 [com.alibaba.nacos.client.remote.worker] INFO  c.a.nacos.common.remote.client.grpc.GrpcClient - grpc client connection server:127.0.0.1 ip,serverPort:9848,grpcTslConfig:{"sslProvider":"OPENSSL","enableTls":false,"mutualAuthEnable":false,"trustAll":false}
2025-10-19 23:05:55.225 [main] INFO  com.alibaba.nacos.common.remote.client - [5edd56fd-dc63-44a8-9dc9-bf3c53218745_config-0] Register server push request handler:com.alibaba.nacos.common.remote.client.RpcClient$ConnectResetRequestHandler
2025-10-19 23:05:55.228 [main] INFO  com.alibaba.nacos.common.remote.client - [5edd56fd-dc63-44a8-9dc9-bf3c53218745_config-0] Register server push request handler:com.alibaba.nacos.common.remote.client.RpcClient$$Lambda$603/0x0000027718495ee8
2025-10-19 23:05:55.504 [main] INFO  com.alibaba.nacos.client.config.impl.Limiter - limitTime:5.0
2025-10-19 23:05:55.632 [main] ERROR com.alibaba.nacos.common.remote.client - Send request fail, request = ConfigQueryRequest{headers={charset=UTF-8, Client-AppName=unknown, Client-RequestToken=bfcd080f3ec16d986fcfcf6195abd342, Client-RequestTS=1760886355237, exConfigInfo=true, notify=false}, requestId='null'}, retryTimes = 0, errorMessage = Client not connected, current status:STARTING
2025-10-19 23:05:55.739 [main] ERROR com.alibaba.nacos.common.remote.client - Send request fail, request = ConfigQueryRequest{headers={charset=UTF-8, Client-AppName=unknown, Client-RequestToken=bfcd080f3ec16d986fcfcf6195abd342, Client-RequestTS=1760886355237, exConfigInfo=true, notify=false}, requestId='null'}, retryTimes = 1, errorMessage = Client not connected, current status:STARTING
2025-10-19 23:05:55.847 [main] ERROR com.alibaba.nacos.common.remote.client - Send request fail, request = ConfigQueryRequest{headers={charset=UTF-8, Client-AppName=unknown, Client-RequestToken=bfcd080f3ec16d986fcfcf6195abd342, Client-RequestTS=1760886355237, exConfigInfo=true, notify=false}, requestId='null'}, retryTimes = 2, errorMessage = Client not connected, current status:STARTING
2025-10-19 23:05:55.849 [main] WARN  c.alibaba.nacos.client.config.NacosConfigService - [fixed-127.0.0.1_8848] [get-config] get from server error, dataId=xiaohongshu-auth, group=DEFAULT_GROUP, tenant=, msg=ErrCode:-401, ErrMsg:Client not connected, current status:STARTING
2025-10-19 23:05:55.854 [main] INFO  com.alibaba.nacos.client.config.utils.JvmUtil - isMultiInstance:false
2025-10-19 23:05:55.861 [main] WARN  c.alibaba.nacos.client.config.NacosConfigService - [fixed-127.0.0.1_8848] [get-config] get snapshot ok, dataId=xiaohongshu-auth, group=DEFAULT_GROUP, tenant=, config=rate-limit:
  api:
    limit: 888 # 接口限流阈值

2025-10-19 23:05:56.004 [main] ERROR com.alibaba.nacos.common.remote.client - Send request fail, request = ConfigQueryRequest{headers={charset=UTF-8, Client-AppName=unknown, Client-RequestToken=bcc84e922ada11f128d0e0ff1eaf9a08, Client-RequestTS=1760886355896, exConfigInfo=true, notify=false}, requestId='null'}, retryTimes = 0, errorMessage = Client not connected, current status:STARTING
2025-10-19 23:05:56.112 [main] ERROR com.alibaba.nacos.common.remote.client - Send request fail, request = ConfigQueryRequest{headers={charset=UTF-8, Client-AppName=unknown, Client-RequestToken=bcc84e922ada11f128d0e0ff1eaf9a08, Client-RequestTS=1760886355896, exConfigInfo=true, notify=false}, requestId='null'}, retryTimes = 1, errorMessage = Client not connected, current status:STARTING
2025-10-19 23:05:56.220 [main] ERROR com.alibaba.nacos.common.remote.client - Send request fail, request = ConfigQueryRequest{headers={charset=UTF-8, Client-AppName=unknown, Client-RequestToken=bcc84e922ada11f128d0e0ff1eaf9a08, Client-RequestTS=1760886355896, exConfigInfo=true, notify=false}, requestId='null'}, retryTimes = 2, errorMessage = Client not connected, current status:STARTING
2025-10-19 23:05:56.221 [main] WARN  c.alibaba.nacos.client.config.NacosConfigService - [fixed-127.0.0.1_8848] [get-config] get from server error, dataId=xiaohongshu-auth.yaml, group=DEFAULT_GROUP, tenant=, msg=ErrCode:-401, ErrMsg:Client not connected, current status:STARTING
2025-10-19 23:05:56.222 [main] WARN  c.a.cloud.nacos.client.NacosPropertySourceBuilder - Ignore the empty nacos configuration and get it based on dataId[xiaohongshu-auth.yaml] & group[DEFAULT_GROUP]
2025-10-19 23:05:56.327 [main] ERROR com.alibaba.nacos.common.remote.client - Send request fail, request = ConfigQueryRequest{headers={charset=UTF-8, Client-AppName=unknown, Client-RequestToken=02ca52254a4b2cb62bc1fe4bc02e3f77, Client-RequestTS=1760886356224, exConfigInfo=true, notify=false}, requestId='null'}, retryTimes = 0, errorMessage = Client not connected, current status:STARTING
2025-10-19 23:05:56.436 [main] ERROR com.alibaba.nacos.common.remote.client - Send request fail, request = ConfigQueryRequest{headers={charset=UTF-8, Client-AppName=unknown, Client-RequestToken=02ca52254a4b2cb62bc1fe4bc02e3f77, Client-RequestTS=1760886356224, exConfigInfo=true, notify=false}, requestId='null'}, retryTimes = 1, errorMessage = Client not connected, current status:STARTING
2025-10-19 23:05:56.545 [main] ERROR com.alibaba.nacos.common.remote.client - Send request fail, request = ConfigQueryRequest{headers={charset=UTF-8, Client-AppName=unknown, Client-RequestToken=02ca52254a4b2cb62bc1fe4bc02e3f77, Client-RequestTS=1760886356224, exConfigInfo=true, notify=false}, requestId='null'}, retryTimes = 2, errorMessage = Client not connected, current status:STARTING
2025-10-19 23:05:56.545 [main] WARN  c.alibaba.nacos.client.config.NacosConfigService - [fixed-127.0.0.1_8848] [get-config] get from server error, dataId=xiaohongshu-auth-dev.yaml, group=DEFAULT_GROUP, tenant=, msg=ErrCode:-401, ErrMsg:Client not connected, current status:STARTING
2025-10-19 23:05:56.547 [main] WARN  c.alibaba.nacos.client.config.NacosConfigService - [fixed-127.0.0.1_8848] [get-config] get snapshot ok, dataId=xiaohongshu-auth-dev.yaml, group=DEFAULT_GROUP, tenant=, config=alarm:
  type: mail # 告警类型
2025-10-19 23:05:56.553 [main] INFO  o.s.c.b.c.PropertySourceBootstrapConfiguration - Located property source: [BootstrapPropertySource {name='bootstrapProperties-xiaohongshu-auth-dev.yaml,DEFAULT_GROUP'}, BootstrapPropertySource {name='bootstrapProperties-xiaohongshu-auth.yaml,DEFAULT_GROUP'}, BootstrapPropertySource {name='bootstrapProperties-xiaohongshu-auth,DEFAULT_GROUP'}]
2025-10-19 23:05:56.665 [main] WARN  com.alibaba.nacos.client.logging.NacosLogging - Load Logback Configuration of Nacos fail, message: Could not initialize Logback Nacos logging from classpath:nacos-logback.xml
2025-10-19 23:05:56.668 [main] INFO  c.l.xiaohongshu.auth.XiaohongshuAuthApplication - The following 1 profile is active: "dev"
2025-10-19 23:05:57.335 [com.alibaba.nacos.client.remote.worker] INFO  com.alibaba.nacos.common.remote.client - [5edd56fd-dc63-44a8-9dc9-bf3c53218745_config-0] Success to connect a server [127.0.0.1:8848], connectionId = 1760886356770_127.0.0.1_59771
2025-10-19 23:05:57.337 [com.alibaba.nacos.client.remote.worker] INFO  com.alibaba.nacos.common.remote.client - [5edd56fd-dc63-44a8-9dc9-bf3c53218745_config-0] Notify connected event to listeners.
2025-10-19 23:05:57.338 [com.alibaba.nacos.client.remote.worker] INFO  com.alibaba.nacos.client.config.impl.ClientWorker - [5edd56fd-dc63-44a8-9dc9-bf3c53218745_config-0] Connected,notify listen context...
2025-10-19 23:05:58.884 [main] INFO  o.s.d.r.config.RepositoryConfigurationDelegate - Multiple Spring Data modules found, entering strict repository configuration mode
2025-10-19 23:05:58.893 [main] INFO  o.s.d.r.config.RepositoryConfigurationDelegate - Bootstrapping Spring Data Redis repositories in DEFAULT mode.
2025-10-19 23:05:58.988 [main] INFO  o.s.d.r.config.RepositoryConfigurationDelegate - Finished Spring Data repository scanning in 32 ms. Found 0 Redis repository interfaces.
2025-10-19 23:05:59.642 [main] INFO  o.springframework.cloud.context.scope.GenericScope - BeanFactory id=0f2a53c6-8a15-3d8f-938d-2e0f35343880
2025-10-19 23:06:02.193 [main] INFO  o.s.boot.web.embedded.tomcat.TomcatWebServer - Tomcat initialized with port(s): 8080 (http)
2025-10-19 23:06:02.235 [main] INFO  org.apache.catalina.core.StandardService - Starting service [Tomcat]
2025-10-19 23:06:02.236 [main] INFO  org.apache.catalina.core.StandardEngine - Starting Servlet engine: [Apache Tomcat/10.1.5]
2025-10-19 23:06:02.692 [main] INFO  o.a.c.core.ContainerBase.[Tomcat].[localhost].[/] - Initializing Spring embedded WebApplicationContext
2025-10-19 23:06:02.693 [main] INFO  o.s.b.w.s.c.ServletWebServerApplicationContext - Root WebApplicationContext: initialization completed in 5951 ms
2025-10-19 23:06:03.096 [main] INFO  c.a.d.s.b.a.DruidDataSourceAutoConfigure - Init DruidDataSource
2025-10-19 23:06:04.449 [main] INFO  com.alibaba.druid.pool.DruidDataSource - {dataSource-1} inited
2025-10-19 23:06:17.752 [main] INFO  o.s.boot.web.embedded.tomcat.TomcatWebServer - Tomcat started on port(s): 8080 (http) with context path ''
2025-10-19 23:06:26.570 [main] INFO  c.l.xiaohongshu.auth.XiaohongshuAuthApplication - Started XiaohongshuAuthApplication in 65.923 seconds (process running for 68.055)
2025-10-19 23:06:26.572 [main] INFO  c.l.x.auth.runner.PushRolePermissions2RedisRunner - ==> 服务启动，开始同步角色权限数据到 Redis 中...
2025-10-19 23:06:35.535 [main] WARN  c.l.x.auth.runner.PushRolePermissions2RedisRunner - ==> 角色权限数据已经同步至 Redis 中，不再同步...
2025-10-19 23:06:35.544 [main] INFO  com.alibaba.nacos.client.config.impl.CacheData - nacos.cache.data.init.snapshot = true 
2025-10-19 23:06:35.545 [main] INFO  com.alibaba.nacos.client.config.impl.ClientWorker - [fixed-127.0.0.1_8848] [subscribe] xiaohongshu-auth.yaml+DEFAULT_GROUP
2025-10-19 23:06:35.574 [main] INFO  com.alibaba.nacos.client.config.impl.CacheData - [fixed-127.0.0.1_8848] [add-listener] ok, tenant=, dataId=xiaohongshu-auth.yaml, group=DEFAULT_GROUP, cnt=1
2025-10-19 23:06:35.575 [main] INFO  c.a.cloud.nacos.refresh.NacosContextRefresher - [Nacos Config] Listening config: dataId=xiaohongshu-auth.yaml, group=DEFAULT_GROUP
2025-10-19 23:06:35.579 [main] INFO  com.alibaba.nacos.client.config.impl.ClientWorker - [fixed-127.0.0.1_8848] [subscribe] xiaohongshu-auth-dev.yaml+DEFAULT_GROUP
2025-10-19 23:06:35.580 [main] INFO  com.alibaba.nacos.client.config.impl.CacheData - [fixed-127.0.0.1_8848] [add-listener] ok, tenant=, dataId=xiaohongshu-auth-dev.yaml, group=DEFAULT_GROUP, cnt=1
2025-10-19 23:06:35.580 [main] INFO  c.a.cloud.nacos.refresh.NacosContextRefresher - [Nacos Config] Listening config: dataId=xiaohongshu-auth-dev.yaml, group=DEFAULT_GROUP
2025-10-19 23:06:35.583 [main] INFO  com.alibaba.nacos.client.config.impl.ClientWorker - [fixed-127.0.0.1_8848] [subscribe] xiaohongshu-auth+DEFAULT_GROUP
2025-10-19 23:06:35.584 [main] INFO  com.alibaba.nacos.client.config.impl.CacheData - [fixed-127.0.0.1_8848] [add-listener] ok, tenant=, dataId=xiaohongshu-auth, group=DEFAULT_GROUP, cnt=1
2025-10-19 23:06:35.584 [main] INFO  c.a.cloud.nacos.refresh.NacosContextRefresher - [Nacos Config] Listening config: dataId=xiaohongshu-auth, group=DEFAULT_GROUP
2025-10-19 23:07:04.889 [Thread-2] WARN  c.alibaba.nacos.common.http.HttpClientBeanHolder - [HttpClientBeanHolder] Start destroying common HttpClient
2025-10-19 23:07:04.894 [Thread-2] WARN  c.alibaba.nacos.common.http.HttpClientBeanHolder - [HttpClientBeanHolder] Destruction of the end
2025-10-19 23:07:04.889 [Thread-10] WARN  com.alibaba.nacos.common.notify.NotifyCenter - [NotifyCenter] Start destroying Publisher
2025-10-19 23:07:04.897 [Thread-10] WARN  com.alibaba.nacos.common.notify.NotifyCenter - [NotifyCenter] Destruction of the end
2025-10-19 23:07:05.377 [SpringApplicationShutdownHook] INFO  com.alibaba.druid.pool.DruidDataSource - {dataSource-1} closing ...
2025-10-19 23:07:05.394 [SpringApplicationShutdownHook] INFO  com.alibaba.druid.pool.DruidDataSource - {dataSource-1} closed
